<?xml version="1.0" encoding="UTF-8"?>
<testsuite xmlns:xsi="http://www.w3.org/2001/XMLSchema-instance" xsi:noNamespaceSchemaLocation="https://maven.apache.org/surefire/maven-surefire-plugin/xsd/surefire-test-report-3.0.xsd" version="3.0" name="com.example.customer_service.controller.CustomerServiceControllerTest" time="1.871" tests="44" errors="0" skipped="0" failures="0">
  <properties>
[...]
</properties>
  <testcase name="updateCustomer_shouldReturnOkWhenPhoneNumberIsValid" classname="com.example.customer_service.controller.CustomerServiceControllerTest" time="0.651">
    <system-out><![CDATA[2024-12-23T16:10:28.766-05:00 DEBUG 31456 --- [customer_service] [           main] s.w.s.m.m.a.RequestMappingHandlerMapping : 7 mappings in org.springframework.web.servlet.mvc.method.annotation.RequestMappingHandlerMapping
2024-12-23T16:10:28.769-05:00 DEBUG 31456 --- [customer_service] [           main] s.w.s.m.m.a.RequestMappingHandlerAdapter : ControllerAdvice beans: 0 @ModelAttribute, 0 @InitBinder, 1 RequestBodyAdvice, 1 ResponseBodyAdvice
2024-12-23T16:10:28.769-05:00 DEBUG 31456 --- [customer_service] [           main] .m.m.a.ExceptionHandlerExceptionResolver : ControllerAdvice beans: 0 @ExceptionHandler, 1 ResponseBodyAdvice
2024-12-23T16:10:28.771-05:00  INFO 31456 --- [customer_service] [           main] o.s.mock.web.MockServletContext          : Initializing Spring TestDispatcherServlet ''
2024-12-23T16:10:28.771-05:00  INFO 31456 --- [customer_service] [           main] o.s.t.web.servlet.TestDispatcherServlet  : Initializing Servlet ''
2024-12-23T16:10:28.771-05:00  INFO 31456 --- [customer_service] [           main] o.s.t.web.servlet.TestDispatcherServlet  : Completed initialization in 0 ms
2024-12-23T16:10:28.826-05:00 DEBUG 31456 --- [customer_service] [           main] s.w.s.m.m.a.RequestMappingHandlerMapping : Mapped to com.example.customer_service.controller.CustomerController#updateCustomer(Long, Map)
2024-12-23T16:10:28.886-05:00 DEBUG 31456 --- [customer_service] [           main] m.m.a.RequestResponseBodyMethodProcessor : Read "application/json" to [{phoneNumber=1234567890}]
2024-12-23T16:10:28.911-05:00 DEBUG 31456 --- [customer_service] [           main] o.s.w.s.m.m.a.HttpEntityMethodProcessor  : Using 'application/json', given [*/*] and supported [application/json, application/*+json]
2024-12-23T16:10:28.913-05:00 DEBUG 31456 --- [customer_service] [           main] o.s.w.s.m.m.a.HttpEntityMethodProcessor  : Writing [{message=Customer updated successfully, status=200}]
Test Passed: PUT with valid phoneNumber returned 200 OK.
]]></system-out>
  </testcase>
  <testcase name="updateCustomer_shouldReturnUnauthorizedWhenNotAuthenticated" classname="com.example.customer_service.controller.CustomerServiceControllerTest" time="0.021">
    <system-out><![CDATA[2024-12-23T16:10:29.027-05:00 DEBUG 31456 --- [customer_service] [           main] s.w.s.m.m.a.RequestMappingHandlerMapping : 7 mappings in org.springframework.web.servlet.mvc.method.annotation.RequestMappingHandlerMapping
2024-12-23T16:10:29.030-05:00 DEBUG 31456 --- [customer_service] [           main] s.w.s.m.m.a.RequestMappingHandlerAdapter : ControllerAdvice beans: 0 @ModelAttribute, 0 @InitBinder, 1 RequestBodyAdvice, 1 ResponseBodyAdvice
2024-12-23T16:10:29.031-05:00 DEBUG 31456 --- [customer_service] [           main] .m.m.a.ExceptionHandlerExceptionResolver : ControllerAdvice beans: 0 @ExceptionHandler, 1 ResponseBodyAdvice
2024-12-23T16:10:29.031-05:00  INFO 31456 --- [customer_service] [           main] o.s.mock.web.MockServletContext          : Initializing Spring TestDispatcherServlet ''
2024-12-23T16:10:29.031-05:00  INFO 31456 --- [customer_service] [           main] o.s.t.web.servlet.TestDispatcherServlet  : Initializing Servlet ''
2024-12-23T16:10:29.032-05:00  INFO 31456 --- [customer_service] [           main] o.s.t.web.servlet.TestDispatcherServlet  : Completed initialization in 0 ms
2024-12-23T16:10:29.033-05:00 DEBUG 31456 --- [customer_service] [           main] s.w.s.m.m.a.RequestMappingHandlerMapping : Mapped to com.example.customer_service.controller.CustomerController#updateCustomer(Long, Map)
2024-12-23T16:10:29.036-05:00 DEBUG 31456 --- [customer_service] [           main] m.m.a.RequestResponseBodyMethodProcessor : Read "application/json" to [{}]
2024-12-23T16:10:29.038-05:00 DEBUG 31456 --- [customer_service] [           main] o.s.w.s.m.m.a.HttpEntityMethodProcessor  : Using 'application/json', given [*/*] and supported [application/json, application/*+json]
2024-12-23T16:10:29.038-05:00 DEBUG 31456 --- [customer_service] [           main] o.s.w.s.m.m.a.HttpEntityMethodProcessor  : Writing [{message=Unauthorized access, status=401}]
Test Passed: PUT unauthorized access returned 401.
]]></system-out>
  </testcase>
  <testcase name="updateCustomer_shouldReturnNotFoundWhenCustomerDoesNotExist" classname="com.example.customer_service.controller.CustomerServiceControllerTest" time="0.03">
    <system-out><![CDATA[2024-12-23T16:10:29.055-05:00 DEBUG 31456 --- [customer_service] [           main] s.w.s.m.m.a.RequestMappingHandlerMapping : 7 mappings in org.springframework.web.servlet.mvc.method.annotation.RequestMappingHandlerMapping
2024-12-23T16:10:29.058-05:00 DEBUG 31456 --- [customer_service] [           main] s.w.s.m.m.a.RequestMappingHandlerAdapter : ControllerAdvice beans: 0 @ModelAttribute, 0 @InitBinder, 1 RequestBodyAdvice, 1 ResponseBodyAdvice
2024-12-23T16:10:29.059-05:00 DEBUG 31456 --- [customer_service] [           main] .m.m.a.ExceptionHandlerExceptionResolver : ControllerAdvice beans: 0 @ExceptionHandler, 1 ResponseBodyAdvice
2024-12-23T16:10:29.059-05:00  INFO 31456 --- [customer_service] [           main] o.s.mock.web.MockServletContext          : Initializing Spring TestDispatcherServlet ''
2024-12-23T16:10:29.059-05:00  INFO 31456 --- [customer_service] [           main] o.s.t.web.servlet.TestDispatcherServlet  : Initializing Servlet ''
2024-12-23T16:10:29.059-05:00  INFO 31456 --- [customer_service] [           main] o.s.t.web.servlet.TestDispatcherServlet  : Completed initialization in 0 ms
2024-12-23T16:10:29.061-05:00 DEBUG 31456 --- [customer_service] [           main] s.w.s.m.m.a.RequestMappingHandlerMapping : Mapped to com.example.customer_service.controller.CustomerController#updateCustomer(Long, Map)
2024-12-23T16:10:29.066-05:00 DEBUG 31456 --- [customer_service] [           main] m.m.a.RequestResponseBodyMethodProcessor : Read "application/json" to [{status=ENABLED}]
2024-12-23T16:10:29.068-05:00 DEBUG 31456 --- [customer_service] [           main] o.s.w.s.m.m.a.HttpEntityMethodProcessor  : Using 'application/json', given [*/*] and supported [application/json, application/*+json]
2024-12-23T16:10:29.069-05:00 DEBUG 31456 --- [customer_service] [           main] o.s.w.s.m.m.a.HttpEntityMethodProcessor  : Writing [{message=Customer not found, status=404}]
Test Passed: PUT non-existent customer returned 404 Not Found.
]]></system-out>
  </testcase>
  <testcase name="createCustomer_shouldReturnConflictWhenPhoneNumberExists" classname="com.example.customer_service.controller.CustomerServiceControllerTest" time="0.156">
    <system-out><![CDATA[2024-12-23T16:10:29.088-05:00 DEBUG 31456 --- [customer_service] [           main] s.w.s.m.m.a.RequestMappingHandlerMapping : 7 mappings in org.springframework.web.servlet.mvc.method.annotation.RequestMappingHandlerMapping
2024-12-23T16:10:29.091-05:00 DEBUG 31456 --- [customer_service] [           main] s.w.s.m.m.a.RequestMappingHandlerAdapter : ControllerAdvice beans: 0 @ModelAttribute, 0 @InitBinder, 1 RequestBodyAdvice, 1 ResponseBodyAdvice
2024-12-23T16:10:29.091-05:00 DEBUG 31456 --- [customer_service] [           main] .m.m.a.ExceptionHandlerExceptionResolver : ControllerAdvice beans: 0 @ExceptionHandler, 1 ResponseBodyAdvice
2024-12-23T16:10:29.092-05:00  INFO 31456 --- [customer_service] [           main] o.s.mock.web.MockServletContext          : Initializing Spring TestDispatcherServlet ''
2024-12-23T16:10:29.092-05:00  INFO 31456 --- [customer_service] [           main] o.s.t.web.servlet.TestDispatcherServlet  : Initializing Servlet ''
2024-12-23T16:10:29.092-05:00  INFO 31456 --- [customer_service] [           main] o.s.t.web.servlet.TestDispatcherServlet  : Completed initialization in 0 ms
2024-12-23T16:10:29.166-05:00 DEBUG 31456 --- [customer_service] [           main] s.w.s.m.m.a.RequestMappingHandlerMapping : Mapped to com.example.customer_service.controller.CustomerController#createCustomer(CustomerDTO)
2024-12-23T16:10:29.227-05:00 DEBUG 31456 --- [customer_service] [           main] m.m.a.RequestResponseBodyMethodProcessor : Read "application/json" to [CustomerDTO(id=null, name=John Doe, industry=IT, companySize=50, email=johndoe@example.com, phoneNum (truncated)...]
2024-12-23T16:10:29.229-05:00 DEBUG 31456 --- [customer_service] [           main] o.s.w.s.m.m.a.HttpEntityMethodProcessor  : Using 'application/json', given [*/*] and supported [application/json, application/*+json]
2024-12-23T16:10:29.229-05:00 DEBUG 31456 --- [customer_service] [           main] o.s.w.s.m.m.a.HttpEntityMethodProcessor  : Writing [{message=Already exists, status=409}]
Test Passed: POST with duplicate phone number returned 409 Conflict.
]]></system-out>
  </testcase>
  <testcase name="updateCustomer_shouldReturnBadRequestWhenPhoneNumberIsNull" classname="com.example.customer_service.controller.CustomerServiceControllerTest" time="0.024">
    <system-out><![CDATA[2024-12-23T16:10:29.241-05:00 DEBUG 31456 --- [customer_service] [           main] s.w.s.m.m.a.RequestMappingHandlerMapping : 7 mappings in org.springframework.web.servlet.mvc.method.annotation.RequestMappingHandlerMapping
2024-12-23T16:10:29.243-05:00 DEBUG 31456 --- [customer_service] [           main] s.w.s.m.m.a.RequestMappingHandlerAdapter : ControllerAdvice beans: 0 @ModelAttribute, 0 @InitBinder, 1 RequestBodyAdvice, 1 ResponseBodyAdvice
2024-12-23T16:10:29.244-05:00 DEBUG 31456 --- [customer_service] [           main] .m.m.a.ExceptionHandlerExceptionResolver : ControllerAdvice beans: 0 @ExceptionHandler, 1 ResponseBodyAdvice
2024-12-23T16:10:29.244-05:00  INFO 31456 --- [customer_service] [           main] o.s.mock.web.MockServletContext          : Initializing Spring TestDispatcherServlet ''
2024-12-23T16:10:29.244-05:00  INFO 31456 --- [customer_service] [           main] o.s.t.web.servlet.TestDispatcherServlet  : Initializing Servlet ''
2024-12-23T16:10:29.245-05:00  INFO 31456 --- [customer_service] [           main] o.s.t.web.servlet.TestDispatcherServlet  : Completed initialization in 0 ms
2024-12-23T16:10:29.249-05:00 DEBUG 31456 --- [customer_service] [           main] s.w.s.m.m.a.RequestMappingHandlerMapping : Mapped to com.example.customer_service.controller.CustomerController#updateCustomer(Long, Map)
2024-12-23T16:10:29.253-05:00 DEBUG 31456 --- [customer_service] [           main] m.m.a.RequestResponseBodyMethodProcessor : Read "application/json" to [{phoneNumber=null}]
2024-12-23T16:10:29.255-05:00 DEBUG 31456 --- [customer_service] [           main] o.s.w.s.m.m.a.HttpEntityMethodProcessor  : Using 'application/json', given [*/*] and supported [application/json, application/*+json]
2024-12-23T16:10:29.255-05:00 DEBUG 31456 --- [customer_service] [           main] o.s.w.s.m.m.a.HttpEntityMethodProcessor  : Writing [{message=Invalid phone number format, status=400}]
Test Passed: PUT with null phoneNumber returned 400 Bad Request.
]]></system-out>
  </testcase>
  <testcase name="createCustomer_shouldReturnForbidden" classname="com.example.customer_service.controller.CustomerServiceControllerTest" time="0.037">
    <system-out><![CDATA[2024-12-23T16:10:29.272-05:00 DEBUG 31456 --- [customer_service] [           main] s.w.s.m.m.a.RequestMappingHandlerMapping : 7 mappings in org.springframework.web.servlet.mvc.method.annotation.RequestMappingHandlerMapping
2024-12-23T16:10:29.274-05:00 DEBUG 31456 --- [customer_service] [           main] s.w.s.m.m.a.RequestMappingHandlerAdapter : ControllerAdvice beans: 0 @ModelAttribute, 0 @InitBinder, 1 RequestBodyAdvice, 1 ResponseBodyAdvice
2024-12-23T16:10:29.275-05:00 DEBUG 31456 --- [customer_service] [           main] .m.m.a.ExceptionHandlerExceptionResolver : ControllerAdvice beans: 0 @ExceptionHandler, 1 ResponseBodyAdvice
2024-12-23T16:10:29.275-05:00  INFO 31456 --- [customer_service] [           main] o.s.mock.web.MockServletContext          : Initializing Spring TestDispatcherServlet ''
2024-12-23T16:10:29.275-05:00  INFO 31456 --- [customer_service] [           main] o.s.t.web.servlet.TestDispatcherServlet  : Initializing Servlet ''
2024-12-23T16:10:29.275-05:00  INFO 31456 --- [customer_service] [           main] o.s.t.web.servlet.TestDispatcherServlet  : Completed initialization in 0 ms
2024-12-23T16:10:29.277-05:00 DEBUG 31456 --- [customer_service] [           main] s.w.s.m.m.a.RequestMappingHandlerMapping : Mapped to com.example.customer_service.controller.CustomerController#createCustomer(CustomerDTO)
2024-12-23T16:10:29.291-05:00 DEBUG 31456 --- [customer_service] [           main] m.m.a.RequestResponseBodyMethodProcessor : Read "application/json" to [CustomerDTO(id=null, name=null, industry=null, companySize=null, email=null, phoneNumber=null, addre (truncated)...]
2024-12-23T16:10:29.292-05:00 DEBUG 31456 --- [customer_service] [           main] o.s.w.s.m.m.a.HttpEntityMethodProcessor  : Using 'application/json', given [*/*] and supported [application/json, application/*+json]
2024-12-23T16:10:29.292-05:00 DEBUG 31456 --- [customer_service] [           main] o.s.w.s.m.m.a.HttpEntityMethodProcessor  : Writing [{message=Forbidden, status=403}]
Test Passed: POST Forbidden scenario tested successfully.
]]></system-out>
  </testcase>
  <testcase name="createCustomer_shouldPassWhenIdIsValid" classname="com.example.customer_service.controller.CustomerServiceControllerTest" time="0.038">
    <system-out><![CDATA[2024-12-23T16:10:29.309-05:00 DEBUG 31456 --- [customer_service] [           main] s.w.s.m.m.a.RequestMappingHandlerMapping : 7 mappings in org.springframework.web.servlet.mvc.method.annotation.RequestMappingHandlerMapping
2024-12-23T16:10:29.311-05:00 DEBUG 31456 --- [customer_service] [           main] s.w.s.m.m.a.RequestMappingHandlerAdapter : ControllerAdvice beans: 0 @ModelAttribute, 0 @InitBinder, 1 RequestBodyAdvice, 1 ResponseBodyAdvice
2024-12-23T16:10:29.312-05:00 DEBUG 31456 --- [customer_service] [           main] .m.m.a.ExceptionHandlerExceptionResolver : ControllerAdvice beans: 0 @ExceptionHandler, 1 ResponseBodyAdvice
2024-12-23T16:10:29.312-05:00  INFO 31456 --- [customer_service] [           main] o.s.mock.web.MockServletContext          : Initializing Spring TestDispatcherServlet ''
2024-12-23T16:10:29.312-05:00  INFO 31456 --- [customer_service] [           main] o.s.t.web.servlet.TestDispatcherServlet  : Initializing Servlet ''
2024-12-23T16:10:29.312-05:00  INFO 31456 --- [customer_service] [           main] o.s.t.web.servlet.TestDispatcherServlet  : Completed initialization in 0 ms
2024-12-23T16:10:29.321-05:00 DEBUG 31456 --- [customer_service] [           main] s.w.s.m.m.a.RequestMappingHandlerMapping : Mapped to com.example.customer_service.controller.CustomerController#createCustomer(CustomerDTO)
2024-12-23T16:10:29.328-05:00 DEBUG 31456 --- [customer_service] [           main] m.m.a.RequestResponseBodyMethodProcessor : Read "application/json" to [CustomerDTO(id=1, name=John Doe, industry=IT, companySize=50, email=johndoe@example.com, phoneNumber (truncated)...]
2024-12-23T16:10:29.330-05:00 DEBUG 31456 --- [customer_service] [           main] o.s.w.s.m.m.a.HttpEntityMethodProcessor  : Using 'application/json', given [*/*] and supported [application/json, application/*+json]
2024-12-23T16:10:29.331-05:00 DEBUG 31456 --- [customer_service] [           main] o.s.w.s.m.m.a.HttpEntityMethodProcessor  : Writing [{message=Customer created successfully, status=201}]
Test Passed: POST with valid ID created customer successfully.
]]></system-out>
  </testcase>
  <testcase name="patchCustomerStatus_shouldReturnInternalServerErrorWhenUpdateFails" classname="com.example.customer_service.controller.CustomerServiceControllerTest" time="0.032">
    <system-out><![CDATA[2024-12-23T16:10:29.349-05:00 DEBUG 31456 --- [customer_service] [           main] s.w.s.m.m.a.RequestMappingHandlerMapping : 7 mappings in org.springframework.web.servlet.mvc.method.annotation.RequestMappingHandlerMapping
2024-12-23T16:10:29.353-05:00 DEBUG 31456 --- [customer_service] [           main] s.w.s.m.m.a.RequestMappingHandlerAdapter : ControllerAdvice beans: 0 @ModelAttribute, 0 @InitBinder, 1 RequestBodyAdvice, 1 ResponseBodyAdvice
2024-12-23T16:10:29.354-05:00 DEBUG 31456 --- [customer_service] [           main] .m.m.a.ExceptionHandlerExceptionResolver : ControllerAdvice beans: 0 @ExceptionHandler, 1 ResponseBodyAdvice
2024-12-23T16:10:29.354-05:00  INFO 31456 --- [customer_service] [           main] o.s.mock.web.MockServletContext          : Initializing Spring TestDispatcherServlet ''
2024-12-23T16:10:29.354-05:00  INFO 31456 --- [customer_service] [           main] o.s.t.web.servlet.TestDispatcherServlet  : Initializing Servlet ''
2024-12-23T16:10:29.354-05:00  INFO 31456 --- [customer_service] [           main] o.s.t.web.servlet.TestDispatcherServlet  : Completed initialization in 0 ms
2024-12-23T16:10:29.358-05:00 DEBUG 31456 --- [customer_service] [           main] s.w.s.m.m.a.RequestMappingHandlerMapping : Mapped to com.example.customer_service.controller.CustomerController#updateCustomerStatus(Long, Map)
2024-12-23T16:10:29.360-05:00 DEBUG 31456 --- [customer_service] [           main] m.m.a.RequestResponseBodyMethodProcessor : Read "application/json" to [{status=enabled}]
2024-12-23T16:10:29.362-05:00 DEBUG 31456 --- [customer_service] [           main] o.s.w.s.m.m.a.HttpEntityMethodProcessor  : Using 'application/json', given [*/*] and supported [application/json, application/*+json]
2024-12-23T16:10:29.362-05:00 DEBUG 31456 --- [customer_service] [           main] o.s.w.s.m.m.a.HttpEntityMethodProcessor  : Writing [{message=Failed to update customer status, status=500}]
Test Passed: PATCH failed to update customer status and returned 500.
]]></system-out>
  </testcase>
  <testcase name="patchCustomerStatus_shouldReturnBadRequestWhenStatusFieldIsMissing" classname="com.example.customer_service.controller.CustomerServiceControllerTest" time="0.035">
    <system-out><![CDATA[2024-12-23T16:10:29.383-05:00 DEBUG 31456 --- [customer_service] [           main] s.w.s.m.m.a.RequestMappingHandlerMapping : 7 mappings in org.springframework.web.servlet.mvc.method.annotation.RequestMappingHandlerMapping
2024-12-23T16:10:29.387-05:00 DEBUG 31456 --- [customer_service] [           main] s.w.s.m.m.a.RequestMappingHandlerAdapter : ControllerAdvice beans: 0 @ModelAttribute, 0 @InitBinder, 1 RequestBodyAdvice, 1 ResponseBodyAdvice
2024-12-23T16:10:29.389-05:00 DEBUG 31456 --- [customer_service] [           main] .m.m.a.ExceptionHandlerExceptionResolver : ControllerAdvice beans: 0 @ExceptionHandler, 1 ResponseBodyAdvice
2024-12-23T16:10:29.389-05:00  INFO 31456 --- [customer_service] [           main] o.s.mock.web.MockServletContext          : Initializing Spring TestDispatcherServlet ''
2024-12-23T16:10:29.390-05:00  INFO 31456 --- [customer_service] [           main] o.s.t.web.servlet.TestDispatcherServlet  : Initializing Servlet ''
2024-12-23T16:10:29.390-05:00  INFO 31456 --- [customer_service] [           main] o.s.t.web.servlet.TestDispatcherServlet  : Completed initialization in 0 ms
2024-12-23T16:10:29.394-05:00 DEBUG 31456 --- [customer_service] [           main] s.w.s.m.m.a.RequestMappingHandlerMapping : Mapped to com.example.customer_service.controller.CustomerController#updateCustomerStatus(Long, Map)
2024-12-23T16:10:29.398-05:00 DEBUG 31456 --- [customer_service] [           main] m.m.a.RequestResponseBodyMethodProcessor : Read "application/json" to [{name=John Doe}]
2024-12-23T16:10:29.400-05:00 DEBUG 31456 --- [customer_service] [           main] o.s.w.s.m.m.a.HttpEntityMethodProcessor  : Using 'application/json', given [*/*] and supported [application/json, application/*+json]
2024-12-23T16:10:29.400-05:00 DEBUG 31456 --- [customer_service] [           main] o.s.w.s.m.m.a.HttpEntityMethodProcessor  : Writing [{message=Status field is required, status=400}]
Test Passed: PATCH missing 'status' field returned 400 Bad Request.
]]></system-out>
  </testcase>
  <testcase name="searchCustomers_shouldReturnBadRequestForInvalidPage" classname="com.example.customer_service.controller.CustomerServiceControllerTest" time="0.042">
    <system-out><![CDATA[2024-12-23T16:10:29.412-05:00 DEBUG 31456 --- [customer_service] [           main] s.w.s.m.m.a.RequestMappingHandlerMapping : 7 mappings in org.springframework.web.servlet.mvc.method.annotation.RequestMappingHandlerMapping
2024-12-23T16:10:29.414-05:00 DEBUG 31456 --- [customer_service] [           main] s.w.s.m.m.a.RequestMappingHandlerAdapter : ControllerAdvice beans: 0 @ModelAttribute, 0 @InitBinder, 1 RequestBodyAdvice, 1 ResponseBodyAdvice
2024-12-23T16:10:29.415-05:00 DEBUG 31456 --- [customer_service] [           main] .m.m.a.ExceptionHandlerExceptionResolver : ControllerAdvice beans: 0 @ExceptionHandler, 1 ResponseBodyAdvice
2024-12-23T16:10:29.416-05:00  INFO 31456 --- [customer_service] [           main] o.s.mock.web.MockServletContext          : Initializing Spring TestDispatcherServlet ''
2024-12-23T16:10:29.416-05:00  INFO 31456 --- [customer_service] [           main] o.s.t.web.servlet.TestDispatcherServlet  : Initializing Servlet ''
2024-12-23T16:10:29.416-05:00  INFO 31456 --- [customer_service] [           main] o.s.t.web.servlet.TestDispatcherServlet  : Completed initialization in 0 ms
2024-12-23T16:10:29.417-05:00 DEBUG 31456 --- [customer_service] [           main] s.w.s.m.m.a.RequestMappingHandlerMapping : Mapped to com.example.customer_service.controller.CustomerController#searchCustomers(SearchCriteria)
2024-12-23T16:10:29.438-05:00 DEBUG 31456 --- [customer_service] [           main] o.s.w.s.m.m.a.HttpEntityMethodProcessor  : Using 'application/json', given [*/*] and supported [application/json, application/*+json]
2024-12-23T16:10:29.440-05:00 DEBUG 31456 --- [customer_service] [           main] o.s.w.s.m.m.a.HttpEntityMethodProcessor  : Writing [{message=Invalid search parameter, status=400}]
Test Passed: Search endpoint returned 400 Bad Request for invalid page.
]]></system-out>
  </testcase>
  <testcase name="searchCustomers_shouldReturnInternalServerErrorForException" classname="com.example.customer_service.controller.CustomerServiceControllerTest" time="0.032">
    <system-out><![CDATA[2024-12-23T16:10:29.462-05:00 DEBUG 31456 --- [customer_service] [           main] s.w.s.m.m.a.RequestMappingHandlerMapping : 7 mappings in org.springframework.web.servlet.mvc.method.annotation.RequestMappingHandlerMapping
2024-12-23T16:10:29.466-05:00 DEBUG 31456 --- [customer_service] [           main] s.w.s.m.m.a.RequestMappingHandlerAdapter : ControllerAdvice beans: 0 @ModelAttribute, 0 @InitBinder, 1 RequestBodyAdvice, 1 ResponseBodyAdvice
2024-12-23T16:10:29.467-05:00 DEBUG 31456 --- [customer_service] [           main] .m.m.a.ExceptionHandlerExceptionResolver : ControllerAdvice beans: 0 @ExceptionHandler, 1 ResponseBodyAdvice
2024-12-23T16:10:29.468-05:00  INFO 31456 --- [customer_service] [           main] o.s.mock.web.MockServletContext          : Initializing Spring TestDispatcherServlet ''
2024-12-23T16:10:29.468-05:00  INFO 31456 --- [customer_service] [           main] o.s.t.web.servlet.TestDispatcherServlet  : Initializing Servlet ''
2024-12-23T16:10:29.469-05:00  INFO 31456 --- [customer_service] [           main] o.s.t.web.servlet.TestDispatcherServlet  : Completed initialization in 1 ms
2024-12-23T16:10:29.471-05:00 DEBUG 31456 --- [customer_service] [           main] s.w.s.m.m.a.RequestMappingHandlerMapping : Mapped to com.example.customer_service.controller.CustomerController#searchCustomers(SearchCriteria)
2024-12-23T16:10:29.475-05:00 DEBUG 31456 --- [customer_service] [           main] o.s.w.s.m.m.a.HttpEntityMethodProcessor  : Using 'application/json', given [*/*] and supported [application/json, application/*+json]
2024-12-23T16:10:29.476-05:00 DEBUG 31456 --- [customer_service] [           main] o.s.w.s.m.m.a.HttpEntityMethodProcessor  : Writing [{message=Failed to search customers, status=500}]
Test Passed: Search endpoint returned 500 Internal Server Error for Exception.
]]></system-out>
  </testcase>
  <testcase name="searchCustomers_shouldReturnForbiddenWhenPermissionDenied" classname="com.example.customer_service.controller.CustomerServiceControllerTest" time="0.018">
    <system-out><![CDATA[2024-12-23T16:10:29.490-05:00 DEBUG 31456 --- [customer_service] [           main] s.w.s.m.m.a.RequestMappingHandlerMapping : 7 mappings in org.springframework.web.servlet.mvc.method.annotation.RequestMappingHandlerMapping
2024-12-23T16:10:29.492-05:00 DEBUG 31456 --- [customer_service] [           main] s.w.s.m.m.a.RequestMappingHandlerAdapter : ControllerAdvice beans: 0 @ModelAttribute, 0 @InitBinder, 1 RequestBodyAdvice, 1 ResponseBodyAdvice
2024-12-23T16:10:29.492-05:00 DEBUG 31456 --- [customer_service] [           main] .m.m.a.ExceptionHandlerExceptionResolver : ControllerAdvice beans: 0 @ExceptionHandler, 1 ResponseBodyAdvice
2024-12-23T16:10:29.493-05:00  INFO 31456 --- [customer_service] [           main] o.s.mock.web.MockServletContext          : Initializing Spring TestDispatcherServlet ''
2024-12-23T16:10:29.493-05:00  INFO 31456 --- [customer_service] [           main] o.s.t.web.servlet.TestDispatcherServlet  : Initializing Servlet ''
2024-12-23T16:10:29.493-05:00  INFO 31456 --- [customer_service] [           main] o.s.t.web.servlet.TestDispatcherServlet  : Completed initialization in 0 ms
2024-12-23T16:10:29.495-05:00 DEBUG 31456 --- [customer_service] [           main] s.w.s.m.m.a.RequestMappingHandlerMapping : Mapped to com.example.customer_service.controller.CustomerController#searchCustomers(SearchCriteria)
2024-12-23T16:10:29.497-05:00 DEBUG 31456 --- [customer_service] [           main] o.s.w.s.m.m.a.HttpEntityMethodProcessor  : Using 'application/json', given [*/*] and supported [application/json, application/*+json]
2024-12-23T16:10:29.498-05:00 DEBUG 31456 --- [customer_service] [           main] o.s.w.s.m.m.a.HttpEntityMethodProcessor  : Writing [{message=Forbidden, status=403}]
Test Passed: Search endpoint returned 403 Forbidden due to lack of permissions.
]]></system-out>
  </testcase>
  <testcase name="searchCustomers_shouldReturnResultsForValidCriteria" classname="com.example.customer_service.controller.CustomerServiceControllerTest" time="0.04">
    <system-out><![CDATA[2024-12-23T16:10:29.505-05:00 DEBUG 31456 --- [customer_service] [           main] s.w.s.m.m.a.RequestMappingHandlerMapping : 7 mappings in org.springframework.web.servlet.mvc.method.annotation.RequestMappingHandlerMapping
2024-12-23T16:10:29.507-05:00 DEBUG 31456 --- [customer_service] [           main] s.w.s.m.m.a.RequestMappingHandlerAdapter : ControllerAdvice beans: 0 @ModelAttribute, 0 @InitBinder, 1 RequestBodyAdvice, 1 ResponseBodyAdvice
2024-12-23T16:10:29.508-05:00 DEBUG 31456 --- [customer_service] [           main] .m.m.a.ExceptionHandlerExceptionResolver : ControllerAdvice beans: 0 @ExceptionHandler, 1 ResponseBodyAdvice
2024-12-23T16:10:29.508-05:00  INFO 31456 --- [customer_service] [           main] o.s.mock.web.MockServletContext          : Initializing Spring TestDispatcherServlet ''
2024-12-23T16:10:29.508-05:00  INFO 31456 --- [customer_service] [           main] o.s.t.web.servlet.TestDispatcherServlet  : Initializing Servlet ''
2024-12-23T16:10:29.508-05:00  INFO 31456 --- [customer_service] [           main] o.s.t.web.servlet.TestDispatcherServlet  : Completed initialization in 0 ms
2024-12-23T16:10:29.510-05:00 DEBUG 31456 --- [customer_service] [           main] s.w.s.m.m.a.RequestMappingHandlerMapping : Mapped to com.example.customer_service.controller.CustomerController#searchCustomers(SearchCriteria)
2024-12-23T16:10:29.513-05:00 DEBUG 31456 --- [customer_service] [           main] o.s.w.s.m.m.a.HttpEntityMethodProcessor  : Using 'application/json', given [*/*] and supported [application/json, application/*+json]
2024-12-23T16:10:29.515-05:00 DEBUG 31456 --- [customer_service] [           main] o.s.w.s.m.m.a.HttpEntityMethodProcessor  : Writing [{customers=[Customer(id=null, name=null, industry=null, companySize=null, email=null, phoneNumber=nu (truncated)...]
Test Passed: Valid search criteria returned results.
]]></system-out>
  </testcase>
  <testcase name="patchCustomerStatus_shouldReturnOkWhenStatusIsDisabled" classname="com.example.customer_service.controller.CustomerServiceControllerTest" time="0.021">
    <system-out><![CDATA[2024-12-23T16:10:29.550-05:00 DEBUG 31456 --- [customer_service] [           main] s.w.s.m.m.a.RequestMappingHandlerMapping : 7 mappings in org.springframework.web.servlet.mvc.method.annotation.RequestMappingHandlerMapping
2024-12-23T16:10:29.552-05:00 DEBUG 31456 --- [customer_service] [           main] s.w.s.m.m.a.RequestMappingHandlerAdapter : ControllerAdvice beans: 0 @ModelAttribute, 0 @InitBinder, 1 RequestBodyAdvice, 1 ResponseBodyAdvice
2024-12-23T16:10:29.552-05:00 DEBUG 31456 --- [customer_service] [           main] .m.m.a.ExceptionHandlerExceptionResolver : ControllerAdvice beans: 0 @ExceptionHandler, 1 ResponseBodyAdvice
2024-12-23T16:10:29.553-05:00  INFO 31456 --- [customer_service] [           main] o.s.mock.web.MockServletContext          : Initializing Spring TestDispatcherServlet ''
2024-12-23T16:10:29.553-05:00  INFO 31456 --- [customer_service] [           main] o.s.t.web.servlet.TestDispatcherServlet  : Initializing Servlet ''
2024-12-23T16:10:29.553-05:00  INFO 31456 --- [customer_service] [           main] o.s.t.web.servlet.TestDispatcherServlet  : Completed initialization in 0 ms
2024-12-23T16:10:29.556-05:00 DEBUG 31456 --- [customer_service] [           main] s.w.s.m.m.a.RequestMappingHandlerMapping : Mapped to com.example.customer_service.controller.CustomerController#updateCustomerStatus(Long, Map)
2024-12-23T16:10:29.558-05:00 DEBUG 31456 --- [customer_service] [           main] m.m.a.RequestResponseBodyMethodProcessor : Read "application/json" to [{status=disabled}]
2024-12-23T16:10:29.561-05:00 DEBUG 31456 --- [customer_service] [           main] o.s.w.s.m.m.a.HttpEntityMethodProcessor  : Using 'application/json', given [*/*] and supported [application/json, application/*+json]
2024-12-23T16:10:29.561-05:00 DEBUG 31456 --- [customer_service] [           main] o.s.w.s.m.m.a.HttpEntityMethodProcessor  : Writing [{message=Customer status updated successfully, status=200}]
Test Passed: PATCH with valid 'disabled' status returned 200 OK.
]]></system-out>
  </testcase>
  <testcase name="createCustomer_shouldSkipIdCheckWhenIdIsNull" classname="com.example.customer_service.controller.CustomerServiceControllerTest" time="0.022">
    <system-out><![CDATA[2024-12-23T16:10:29.574-05:00 DEBUG 31456 --- [customer_service] [           main] s.w.s.m.m.a.RequestMappingHandlerMapping : 7 mappings in org.springframework.web.servlet.mvc.method.annotation.RequestMappingHandlerMapping
2024-12-23T16:10:29.576-05:00 DEBUG 31456 --- [customer_service] [           main] s.w.s.m.m.a.RequestMappingHandlerAdapter : ControllerAdvice beans: 0 @ModelAttribute, 0 @InitBinder, 1 RequestBodyAdvice, 1 ResponseBodyAdvice
2024-12-23T16:10:29.577-05:00 DEBUG 31456 --- [customer_service] [           main] .m.m.a.ExceptionHandlerExceptionResolver : ControllerAdvice beans: 0 @ExceptionHandler, 1 ResponseBodyAdvice
2024-12-23T16:10:29.577-05:00  INFO 31456 --- [customer_service] [           main] o.s.mock.web.MockServletContext          : Initializing Spring TestDispatcherServlet ''
2024-12-23T16:10:29.577-05:00  INFO 31456 --- [customer_service] [           main] o.s.t.web.servlet.TestDispatcherServlet  : Initializing Servlet ''
2024-12-23T16:10:29.577-05:00  INFO 31456 --- [customer_service] [           main] o.s.t.web.servlet.TestDispatcherServlet  : Completed initialization in 0 ms
2024-12-23T16:10:29.580-05:00 DEBUG 31456 --- [customer_service] [           main] s.w.s.m.m.a.RequestMappingHandlerMapping : Mapped to com.example.customer_service.controller.CustomerController#createCustomer(CustomerDTO)
2024-12-23T16:10:29.582-05:00 DEBUG 31456 --- [customer_service] [           main] m.m.a.RequestResponseBodyMethodProcessor : Read "application/json" to [CustomerDTO(id=null, name=John Doe, industry=IT, companySize=50, email=johndoe@example.com, phoneNum (truncated)...]
2024-12-23T16:10:29.583-05:00 DEBUG 31456 --- [customer_service] [           main] o.s.w.s.m.m.a.HttpEntityMethodProcessor  : Using 'application/json', given [*/*] and supported [application/json, application/*+json]
2024-12-23T16:10:29.584-05:00 DEBUG 31456 --- [customer_service] [           main] o.s.w.s.m.m.a.HttpEntityMethodProcessor  : Writing [{message=Customer created successfully, status=201}]
Test Passed: POST with null ID created customer successfully.
]]></system-out>
  </testcase>
  <testcase name="createCustomer_shouldReturnConflictWhenEmailExists" classname="com.example.customer_service.controller.CustomerServiceControllerTest" time="0.032">
    <system-out><![CDATA[2024-12-23T16:10:29.599-05:00 DEBUG 31456 --- [customer_service] [           main] s.w.s.m.m.a.RequestMappingHandlerMapping : 7 mappings in org.springframework.web.servlet.mvc.method.annotation.RequestMappingHandlerMapping
2024-12-23T16:10:29.602-05:00 DEBUG 31456 --- [customer_service] [           main] s.w.s.m.m.a.RequestMappingHandlerAdapter : ControllerAdvice beans: 0 @ModelAttribute, 0 @InitBinder, 1 RequestBodyAdvice, 1 ResponseBodyAdvice
2024-12-23T16:10:29.604-05:00 DEBUG 31456 --- [customer_service] [           main] .m.m.a.ExceptionHandlerExceptionResolver : ControllerAdvice beans: 0 @ExceptionHandler, 1 ResponseBodyAdvice
2024-12-23T16:10:29.604-05:00  INFO 31456 --- [customer_service] [           main] o.s.mock.web.MockServletContext          : Initializing Spring TestDispatcherServlet ''
2024-12-23T16:10:29.605-05:00  INFO 31456 --- [customer_service] [           main] o.s.t.web.servlet.TestDispatcherServlet  : Initializing Servlet ''
2024-12-23T16:10:29.605-05:00  INFO 31456 --- [customer_service] [           main] o.s.t.web.servlet.TestDispatcherServlet  : Completed initialization in 0 ms
2024-12-23T16:10:29.610-05:00 DEBUG 31456 --- [customer_service] [           main] s.w.s.m.m.a.RequestMappingHandlerMapping : Mapped to com.example.customer_service.controller.CustomerController#createCustomer(CustomerDTO)
2024-12-23T16:10:29.614-05:00 DEBUG 31456 --- [customer_service] [           main] m.m.a.RequestResponseBodyMethodProcessor : Read "application/json" to [CustomerDTO(id=null, name=John Doe, industry=IT, companySize=50, email=johndoe@example.com, phoneNum (truncated)...]
2024-12-23T16:10:29.615-05:00 DEBUG 31456 --- [customer_service] [           main] o.s.w.s.m.m.a.HttpEntityMethodProcessor  : Using 'application/json', given [*/*] and supported [application/json, application/*+json]
2024-12-23T16:10:29.616-05:00 DEBUG 31456 --- [customer_service] [           main] o.s.w.s.m.m.a.HttpEntityMethodProcessor  : Writing [{message=Already exists, status=409}]
Test Passed: POST with duplicate email returned 409 Conflict.
]]></system-out>
  </testcase>
  <testcase name="getCustomerById_shouldReturnCustomer" classname="com.example.customer_service.controller.CustomerServiceControllerTest" time="0.024">
    <system-out><![CDATA[2024-12-23T16:10:29.627-05:00 DEBUG 31456 --- [customer_service] [           main] s.w.s.m.m.a.RequestMappingHandlerMapping : 7 mappings in org.springframework.web.servlet.mvc.method.annotation.RequestMappingHandlerMapping
2024-12-23T16:10:29.628-05:00 DEBUG 31456 --- [customer_service] [           main] s.w.s.m.m.a.RequestMappingHandlerAdapter : ControllerAdvice beans: 0 @ModelAttribute, 0 @InitBinder, 1 RequestBodyAdvice, 1 ResponseBodyAdvice
2024-12-23T16:10:29.629-05:00 DEBUG 31456 --- [customer_service] [           main] .m.m.a.ExceptionHandlerExceptionResolver : ControllerAdvice beans: 0 @ExceptionHandler, 1 ResponseBodyAdvice
2024-12-23T16:10:29.629-05:00  INFO 31456 --- [customer_service] [           main] o.s.mock.web.MockServletContext          : Initializing Spring TestDispatcherServlet ''
2024-12-23T16:10:29.629-05:00  INFO 31456 --- [customer_service] [           main] o.s.t.web.servlet.TestDispatcherServlet  : Initializing Servlet ''
2024-12-23T16:10:29.629-05:00  INFO 31456 --- [customer_service] [           main] o.s.t.web.servlet.TestDispatcherServlet  : Completed initialization in 0 ms
2024-12-23T16:10:29.630-05:00 DEBUG 31456 --- [customer_service] [           main] s.w.s.m.m.a.RequestMappingHandlerMapping : Mapped to com.example.customer_service.controller.CustomerController#getCustomerById(Long)
2024-12-23T16:10:29.632-05:00 DEBUG 31456 --- [customer_service] [           main] o.s.w.s.m.m.a.HttpEntityMethodProcessor  : Using 'application/json', given [*/*] and supported [application/json, application/*+json]
2024-12-23T16:10:29.632-05:00 DEBUG 31456 --- [customer_service] [           main] o.s.w.s.m.m.a.HttpEntityMethodProcessor  : Writing [{customer=Customer(id=1, name=John Doe, industry=IT, companySize=50, email=johndoe@example.com, phon (truncated)...]
Test Passed: GET Customer by ID returned successfully.
]]></system-out>
  </testcase>
  <testcase name="updateCustomer_shouldReturnBadRequestWhenPhoneNumberIsEmpty" classname="com.example.customer_service.controller.CustomerServiceControllerTest" time="0.02">
    <system-out><![CDATA[2024-12-23T16:10:29.651-05:00 DEBUG 31456 --- [customer_service] [           main] s.w.s.m.m.a.RequestMappingHandlerMapping : 7 mappings in org.springframework.web.servlet.mvc.method.annotation.RequestMappingHandlerMapping
2024-12-23T16:10:29.653-05:00 DEBUG 31456 --- [customer_service] [           main] s.w.s.m.m.a.RequestMappingHandlerAdapter : ControllerAdvice beans: 0 @ModelAttribute, 0 @InitBinder, 1 RequestBodyAdvice, 1 ResponseBodyAdvice
2024-12-23T16:10:29.654-05:00 DEBUG 31456 --- [customer_service] [           main] .m.m.a.ExceptionHandlerExceptionResolver : ControllerAdvice beans: 0 @ExceptionHandler, 1 ResponseBodyAdvice
2024-12-23T16:10:29.654-05:00  INFO 31456 --- [customer_service] [           main] o.s.mock.web.MockServletContext          : Initializing Spring TestDispatcherServlet ''
2024-12-23T16:10:29.654-05:00  INFO 31456 --- [customer_service] [           main] o.s.t.web.servlet.TestDispatcherServlet  : Initializing Servlet ''
2024-12-23T16:10:29.655-05:00  INFO 31456 --- [customer_service] [           main] o.s.t.web.servlet.TestDispatcherServlet  : Completed initialization in 1 ms
2024-12-23T16:10:29.658-05:00 DEBUG 31456 --- [customer_service] [           main] s.w.s.m.m.a.RequestMappingHandlerMapping : Mapped to com.example.customer_service.controller.CustomerController#updateCustomer(Long, Map)
2024-12-23T16:10:29.660-05:00 DEBUG 31456 --- [customer_service] [           main] m.m.a.RequestResponseBodyMethodProcessor : Read "application/json" to [{phoneNumber=}]
2024-12-23T16:10:29.661-05:00 DEBUG 31456 --- [customer_service] [           main] o.s.w.s.m.m.a.HttpEntityMethodProcessor  : Using 'application/json', given [*/*] and supported [application/json, application/*+json]
2024-12-23T16:10:29.662-05:00 DEBUG 31456 --- [customer_service] [           main] o.s.w.s.m.m.a.HttpEntityMethodProcessor  : Writing [{message=Invalid phone number format, status=400}]
Test Passed: PUT with empty phoneNumber returned 400 Bad Request.
]]></system-out>
  </testcase>
  <testcase name="patchCustomerStatus_shouldReturnOkWhenStatusIsEnabled" classname="com.example.customer_service.controller.CustomerServiceControllerTest" time="0.019">
    <system-out><![CDATA[2024-12-23T16:10:29.672-05:00 DEBUG 31456 --- [customer_service] [           main] s.w.s.m.m.a.RequestMappingHandlerMapping : 7 mappings in org.springframework.web.servlet.mvc.method.annotation.RequestMappingHandlerMapping
2024-12-23T16:10:29.673-05:00 DEBUG 31456 --- [customer_service] [           main] s.w.s.m.m.a.RequestMappingHandlerAdapter : ControllerAdvice beans: 0 @ModelAttribute, 0 @InitBinder, 1 RequestBodyAdvice, 1 ResponseBodyAdvice
2024-12-23T16:10:29.674-05:00 DEBUG 31456 --- [customer_service] [           main] .m.m.a.ExceptionHandlerExceptionResolver : ControllerAdvice beans: 0 @ExceptionHandler, 1 ResponseBodyAdvice
2024-12-23T16:10:29.674-05:00  INFO 31456 --- [customer_service] [           main] o.s.mock.web.MockServletContext          : Initializing Spring TestDispatcherServlet ''
2024-12-23T16:10:29.674-05:00  INFO 31456 --- [customer_service] [           main] o.s.t.web.servlet.TestDispatcherServlet  : Initializing Servlet ''
2024-12-23T16:10:29.674-05:00  INFO 31456 --- [customer_service] [           main] o.s.t.web.servlet.TestDispatcherServlet  : Completed initialization in 0 ms
2024-12-23T16:10:29.676-05:00 DEBUG 31456 --- [customer_service] [           main] s.w.s.m.m.a.RequestMappingHandlerMapping : Mapped to com.example.customer_service.controller.CustomerController#updateCustomerStatus(Long, Map)
2024-12-23T16:10:29.677-05:00 DEBUG 31456 --- [customer_service] [           main] m.m.a.RequestResponseBodyMethodProcessor : Read "application/json" to [{status=enabled}]
2024-12-23T16:10:29.679-05:00 DEBUG 31456 --- [customer_service] [           main] o.s.w.s.m.m.a.HttpEntityMethodProcessor  : Using 'application/json', given [*/*] and supported [application/json, application/*+json]
2024-12-23T16:10:29.680-05:00 DEBUG 31456 --- [customer_service] [           main] o.s.w.s.m.m.a.HttpEntityMethodProcessor  : Writing [{message=Customer status updated successfully, status=200}]
Test Passed: PATCH with valid 'enabled' status returned 200 OK.
]]></system-out>
  </testcase>
  <testcase name="updateCustomer_shouldReturnBadRequestWhenPhoneNumberIsInvalid" classname="com.example.customer_service.controller.CustomerServiceControllerTest" time="0.023">
    <system-out><![CDATA[2024-12-23T16:10:29.695-05:00 DEBUG 31456 --- [customer_service] [           main] s.w.s.m.m.a.RequestMappingHandlerMapping : 7 mappings in org.springframework.web.servlet.mvc.method.annotation.RequestMappingHandlerMapping
2024-12-23T16:10:29.699-05:00 DEBUG 31456 --- [customer_service] [           main] s.w.s.m.m.a.RequestMappingHandlerAdapter : ControllerAdvice beans: 0 @ModelAttribute, 0 @InitBinder, 1 RequestBodyAdvice, 1 ResponseBodyAdvice
2024-12-23T16:10:29.699-05:00 DEBUG 31456 --- [customer_service] [           main] .m.m.a.ExceptionHandlerExceptionResolver : ControllerAdvice beans: 0 @ExceptionHandler, 1 ResponseBodyAdvice
2024-12-23T16:10:29.700-05:00  INFO 31456 --- [customer_service] [           main] o.s.mock.web.MockServletContext          : Initializing Spring TestDispatcherServlet ''
2024-12-23T16:10:29.700-05:00  INFO 31456 --- [customer_service] [           main] o.s.t.web.servlet.TestDispatcherServlet  : Initializing Servlet ''
2024-12-23T16:10:29.701-05:00  INFO 31456 --- [customer_service] [           main] o.s.t.web.servlet.TestDispatcherServlet  : Completed initialization in 1 ms
2024-12-23T16:10:29.703-05:00 DEBUG 31456 --- [customer_service] [           main] s.w.s.m.m.a.RequestMappingHandlerMapping : Mapped to com.example.customer_service.controller.CustomerController#updateCustomer(Long, Map)
2024-12-23T16:10:29.705-05:00 DEBUG 31456 --- [customer_service] [           main] m.m.a.RequestResponseBodyMethodProcessor : Read "application/json" to [{phoneNumber=12345abcde}]
2024-12-23T16:10:29.706-05:00 DEBUG 31456 --- [customer_service] [           main] o.s.w.s.m.m.a.HttpEntityMethodProcessor  : Using 'application/json', given [*/*] and supported [application/json, application/*+json]
2024-12-23T16:10:29.707-05:00 DEBUG 31456 --- [customer_service] [           main] o.s.w.s.m.m.a.HttpEntityMethodProcessor  : Writing [{message=Invalid phone number format, status=400}]
Test Passed: PUT with invalid phoneNumber returned 400 Bad Request.
]]></system-out>
  </testcase>
  <testcase name="createCustomer_shouldReturnBadRequestWhenPhoneNumberIsInvalid" classname="com.example.customer_service.controller.CustomerServiceControllerTest" time="0.023">
    <system-out><![CDATA[2024-12-23T16:10:29.717-05:00 DEBUG 31456 --- [customer_service] [           main] s.w.s.m.m.a.RequestMappingHandlerMapping : 7 mappings in org.springframework.web.servlet.mvc.method.annotation.RequestMappingHandlerMapping
2024-12-23T16:10:29.720-05:00 DEBUG 31456 --- [customer_service] [           main] s.w.s.m.m.a.RequestMappingHandlerAdapter : ControllerAdvice beans: 0 @ModelAttribute, 0 @InitBinder, 1 RequestBodyAdvice, 1 ResponseBodyAdvice
2024-12-23T16:10:29.720-05:00 DEBUG 31456 --- [customer_service] [           main] .m.m.a.ExceptionHandlerExceptionResolver : ControllerAdvice beans: 0 @ExceptionHandler, 1 ResponseBodyAdvice
2024-12-23T16:10:29.720-05:00  INFO 31456 --- [customer_service] [           main] o.s.mock.web.MockServletContext          : Initializing Spring TestDispatcherServlet ''
2024-12-23T16:10:29.721-05:00  INFO 31456 --- [customer_service] [           main] o.s.t.web.servlet.TestDispatcherServlet  : Initializing Servlet ''
2024-12-23T16:10:29.721-05:00  INFO 31456 --- [customer_service] [           main] o.s.t.web.servlet.TestDispatcherServlet  : Completed initialization in 0 ms
2024-12-23T16:10:29.724-05:00 DEBUG 31456 --- [customer_service] [           main] s.w.s.m.m.a.RequestMappingHandlerMapping : Mapped to com.example.customer_service.controller.CustomerController#createCustomer(CustomerDTO)
2024-12-23T16:10:29.727-05:00 DEBUG 31456 --- [customer_service] [           main] m.m.a.RequestResponseBodyMethodProcessor : Read "application/json" to [CustomerDTO(id=null, name=John Doe, industry=IT, companySize=50, email=johndoe@example.com, phoneNum (truncated)...]
2024-12-23T16:10:29.729-05:00 DEBUG 31456 --- [customer_service] [           main] o.s.w.s.m.m.a.HttpEntityMethodProcessor  : Using 'application/json', given [*/*] and supported [application/json, application/*+json]
2024-12-23T16:10:29.729-05:00 DEBUG 31456 --- [customer_service] [           main] o.s.w.s.m.m.a.HttpEntityMethodProcessor  : Writing [{message=Invalid phone number format, status=400}]
Test Passed: POST with invalid phone number format returned 400 Bad Request.
]]></system-out>
  </testcase>
  <testcase name="createCustomer_shouldReturnBadRequestWhenPhoneNumberIsEmpty" classname="com.example.customer_service.controller.CustomerServiceControllerTest" time="0.023">
    <system-out><![CDATA[2024-12-23T16:10:29.741-05:00 DEBUG 31456 --- [customer_service] [           main] s.w.s.m.m.a.RequestMappingHandlerMapping : 7 mappings in org.springframework.web.servlet.mvc.method.annotation.RequestMappingHandlerMapping
2024-12-23T16:10:29.744-05:00 DEBUG 31456 --- [customer_service] [           main] s.w.s.m.m.a.RequestMappingHandlerAdapter : ControllerAdvice beans: 0 @ModelAttribute, 0 @InitBinder, 1 RequestBodyAdvice, 1 ResponseBodyAdvice
2024-12-23T16:10:29.746-05:00 DEBUG 31456 --- [customer_service] [           main] .m.m.a.ExceptionHandlerExceptionResolver : ControllerAdvice beans: 0 @ExceptionHandler, 1 ResponseBodyAdvice
2024-12-23T16:10:29.746-05:00  INFO 31456 --- [customer_service] [           main] o.s.mock.web.MockServletContext          : Initializing Spring TestDispatcherServlet ''
2024-12-23T16:10:29.746-05:00  INFO 31456 --- [customer_service] [           main] o.s.t.web.servlet.TestDispatcherServlet  : Initializing Servlet ''
2024-12-23T16:10:29.746-05:00  INFO 31456 --- [customer_service] [           main] o.s.t.web.servlet.TestDispatcherServlet  : Completed initialization in 0 ms
2024-12-23T16:10:29.751-05:00 DEBUG 31456 --- [customer_service] [           main] s.w.s.m.m.a.RequestMappingHandlerMapping : Mapped to com.example.customer_service.controller.CustomerController#createCustomer(CustomerDTO)
2024-12-23T16:10:29.752-05:00 DEBUG 31456 --- [customer_service] [           main] m.m.a.RequestResponseBodyMethodProcessor : Read "application/json" to [CustomerDTO(id=null, name=John Doe, industry=IT, companySize=50, email=johndoe@example.com, phoneNum (truncated)...]
2024-12-23T16:10:29.754-05:00 DEBUG 31456 --- [customer_service] [           main] o.s.w.s.m.m.a.HttpEntityMethodProcessor  : Using 'application/json', given [*/*] and supported [application/json, application/*+json]
2024-12-23T16:10:29.754-05:00 DEBUG 31456 --- [customer_service] [           main] o.s.w.s.m.m.a.HttpEntityMethodProcessor  : Writing [{message=Invalid phone number format, status=400}]
Test Passed: POST with empty phone number returned 400 Bad Request.
]]></system-out>
  </testcase>
  <testcase name="createCustomer_shouldReturnBadRequestWhenPhoneNumberIsNull" classname="com.example.customer_service.controller.CustomerServiceControllerTest" time="0.023">
    <system-out><![CDATA[2024-12-23T16:10:29.767-05:00 DEBUG 31456 --- [customer_service] [           main] s.w.s.m.m.a.RequestMappingHandlerMapping : 7 mappings in org.springframework.web.servlet.mvc.method.annotation.RequestMappingHandlerMapping
2024-12-23T16:10:29.769-05:00 DEBUG 31456 --- [customer_service] [           main] s.w.s.m.m.a.RequestMappingHandlerAdapter : ControllerAdvice beans: 0 @ModelAttribute, 0 @InitBinder, 1 RequestBodyAdvice, 1 ResponseBodyAdvice
2024-12-23T16:10:29.770-05:00 DEBUG 31456 --- [customer_service] [           main] .m.m.a.ExceptionHandlerExceptionResolver : ControllerAdvice beans: 0 @ExceptionHandler, 1 ResponseBodyAdvice
2024-12-23T16:10:29.770-05:00  INFO 31456 --- [customer_service] [           main] o.s.mock.web.MockServletContext          : Initializing Spring TestDispatcherServlet ''
2024-12-23T16:10:29.770-05:00  INFO 31456 --- [customer_service] [           main] o.s.t.web.servlet.TestDispatcherServlet  : Initializing Servlet ''
2024-12-23T16:10:29.770-05:00  INFO 31456 --- [customer_service] [           main] o.s.t.web.servlet.TestDispatcherServlet  : Completed initialization in 0 ms
2024-12-23T16:10:29.773-05:00 DEBUG 31456 --- [customer_service] [           main] s.w.s.m.m.a.RequestMappingHandlerMapping : Mapped to com.example.customer_service.controller.CustomerController#createCustomer(CustomerDTO)
2024-12-23T16:10:29.776-05:00 DEBUG 31456 --- [customer_service] [           main] m.m.a.RequestResponseBodyMethodProcessor : Read "application/json" to [CustomerDTO(id=null, name=John Doe, industry=IT, companySize=50, email=johndoe@example.com, phoneNum (truncated)...]
2024-12-23T16:10:29.776-05:00 DEBUG 31456 --- [customer_service] [           main] o.s.w.s.m.m.a.HttpEntityMethodProcessor  : Using 'application/json', given [*/*] and supported [application/json, application/*+json]
2024-12-23T16:10:29.778-05:00 DEBUG 31456 --- [customer_service] [           main] o.s.w.s.m.m.a.HttpEntityMethodProcessor  : Writing [{message=Invalid phone number format, status=400}]
Test Passed: POST with null phone number returned 400 Bad Request.
]]></system-out>
  </testcase>
  <testcase name="patchCustomerStatus_shouldReturnUnauthorizedWhenNotAuthenticated" classname="com.example.customer_service.controller.CustomerServiceControllerTest" time="0.02">
    <system-out><![CDATA[2024-12-23T16:10:29.791-05:00 DEBUG 31456 --- [customer_service] [           main] s.w.s.m.m.a.RequestMappingHandlerMapping : 7 mappings in org.springframework.web.servlet.mvc.method.annotation.RequestMappingHandlerMapping
2024-12-23T16:10:29.793-05:00 DEBUG 31456 --- [customer_service] [           main] s.w.s.m.m.a.RequestMappingHandlerAdapter : ControllerAdvice beans: 0 @ModelAttribute, 0 @InitBinder, 1 RequestBodyAdvice, 1 ResponseBodyAdvice
2024-12-23T16:10:29.793-05:00 DEBUG 31456 --- [customer_service] [           main] .m.m.a.ExceptionHandlerExceptionResolver : ControllerAdvice beans: 0 @ExceptionHandler, 1 ResponseBodyAdvice
2024-12-23T16:10:29.793-05:00  INFO 31456 --- [customer_service] [           main] o.s.mock.web.MockServletContext          : Initializing Spring TestDispatcherServlet ''
2024-12-23T16:10:29.794-05:00  INFO 31456 --- [customer_service] [           main] o.s.t.web.servlet.TestDispatcherServlet  : Initializing Servlet ''
2024-12-23T16:10:29.794-05:00  INFO 31456 --- [customer_service] [           main] o.s.t.web.servlet.TestDispatcherServlet  : Completed initialization in 0 ms
2024-12-23T16:10:29.795-05:00 DEBUG 31456 --- [customer_service] [           main] s.w.s.m.m.a.RequestMappingHandlerMapping : Mapped to com.example.customer_service.controller.CustomerController#updateCustomerStatus(Long, Map)
2024-12-23T16:10:29.797-05:00 DEBUG 31456 --- [customer_service] [           main] m.m.a.RequestResponseBodyMethodProcessor : Read "application/json" to [{status=active}]
2024-12-23T16:10:29.798-05:00 DEBUG 31456 --- [customer_service] [           main] o.s.w.s.m.m.a.HttpEntityMethodProcessor  : Using 'application/json', given [*/*] and supported [application/json, application/*+json]
2024-12-23T16:10:29.799-05:00 DEBUG 31456 --- [customer_service] [           main] o.s.w.s.m.m.a.HttpEntityMethodProcessor  : Writing [{message=Unauthorized access, status=401}]
Test Passed: Unauthorized access tested successfully.
]]></system-out>
  </testcase>
  <testcase name="updateCustomer_shouldReturnForbiddenWhenNoPermission" classname="com.example.customer_service.controller.CustomerServiceControllerTest" time="0.02">
    <system-out><![CDATA[2024-12-23T16:10:29.808-05:00 DEBUG 31456 --- [customer_service] [           main] s.w.s.m.m.a.RequestMappingHandlerMapping : 7 mappings in org.springframework.web.servlet.mvc.method.annotation.RequestMappingHandlerMapping
2024-12-23T16:10:29.810-05:00 DEBUG 31456 --- [customer_service] [           main] s.w.s.m.m.a.RequestMappingHandlerAdapter : ControllerAdvice beans: 0 @ModelAttribute, 0 @InitBinder, 1 RequestBodyAdvice, 1 ResponseBodyAdvice
2024-12-23T16:10:29.811-05:00 DEBUG 31456 --- [customer_service] [           main] .m.m.a.ExceptionHandlerExceptionResolver : ControllerAdvice beans: 0 @ExceptionHandler, 1 ResponseBodyAdvice
2024-12-23T16:10:29.811-05:00  INFO 31456 --- [customer_service] [           main] o.s.mock.web.MockServletContext          : Initializing Spring TestDispatcherServlet ''
2024-12-23T16:10:29.811-05:00  INFO 31456 --- [customer_service] [           main] o.s.t.web.servlet.TestDispatcherServlet  : Initializing Servlet ''
2024-12-23T16:10:29.811-05:00  INFO 31456 --- [customer_service] [           main] o.s.t.web.servlet.TestDispatcherServlet  : Completed initialization in 0 ms
2024-12-23T16:10:29.813-05:00 DEBUG 31456 --- [customer_service] [           main] s.w.s.m.m.a.RequestMappingHandlerMapping : Mapped to com.example.customer_service.controller.CustomerController#updateCustomer(Long, Map)
2024-12-23T16:10:29.817-05:00 DEBUG 31456 --- [customer_service] [           main] m.m.a.RequestResponseBodyMethodProcessor : Read "application/json" to [{status=ACTIVE}]
2024-12-23T16:10:29.819-05:00 DEBUG 31456 --- [customer_service] [           main] o.s.w.s.m.m.a.HttpEntityMethodProcessor  : Using 'application/json', given [*/*] and supported [application/json, application/*+json]
2024-12-23T16:10:29.820-05:00 DEBUG 31456 --- [customer_service] [           main] o.s.w.s.m.m.a.HttpEntityMethodProcessor  : Writing [{message=Forbidden, status=403}]
Test Passed: PUT forbidden access returned 403.
]]></system-out>
  </testcase>
  <testcase name="createCustomer_shouldReturnBadRequestWhenEmailIsEmpty" classname="com.example.customer_service.controller.CustomerServiceControllerTest" time="0.023">
    <system-out><![CDATA[2024-12-23T16:10:29.833-05:00 DEBUG 31456 --- [customer_service] [           main] s.w.s.m.m.a.RequestMappingHandlerMapping : 7 mappings in org.springframework.web.servlet.mvc.method.annotation.RequestMappingHandlerMapping
2024-12-23T16:10:29.835-05:00 DEBUG 31456 --- [customer_service] [           main] s.w.s.m.m.a.RequestMappingHandlerAdapter : ControllerAdvice beans: 0 @ModelAttribute, 0 @InitBinder, 1 RequestBodyAdvice, 1 ResponseBodyAdvice
2024-12-23T16:10:29.836-05:00 DEBUG 31456 --- [customer_service] [           main] .m.m.a.ExceptionHandlerExceptionResolver : ControllerAdvice beans: 0 @ExceptionHandler, 1 ResponseBodyAdvice
2024-12-23T16:10:29.836-05:00  INFO 31456 --- [customer_service] [           main] o.s.mock.web.MockServletContext          : Initializing Spring TestDispatcherServlet ''
2024-12-23T16:10:29.836-05:00  INFO 31456 --- [customer_service] [           main] o.s.t.web.servlet.TestDispatcherServlet  : Initializing Servlet ''
2024-12-23T16:10:29.836-05:00  INFO 31456 --- [customer_service] [           main] o.s.t.web.servlet.TestDispatcherServlet  : Completed initialization in 0 ms
2024-12-23T16:10:29.839-05:00 DEBUG 31456 --- [customer_service] [           main] s.w.s.m.m.a.RequestMappingHandlerMapping : Mapped to com.example.customer_service.controller.CustomerController#createCustomer(CustomerDTO)
2024-12-23T16:10:29.842-05:00 DEBUG 31456 --- [customer_service] [           main] m.m.a.RequestResponseBodyMethodProcessor : Read "application/json" to [CustomerDTO(id=null, name=John Doe, industry=IT, companySize=50, email= , phoneNumber=1234567890, ad (truncated)...]
2024-12-23T16:10:29.843-05:00 DEBUG 31456 --- [customer_service] [           main] o.s.w.s.m.m.a.HttpEntityMethodProcessor  : Using 'application/json', given [*/*] and supported [application/json, application/*+json]
2024-12-23T16:10:29.844-05:00 DEBUG 31456 --- [customer_service] [           main] o.s.w.s.m.m.a.HttpEntityMethodProcessor  : Writing [{message=Invalid email format, status=400}]
Test Passed: POST with empty email returned 400 Bad Request.
]]></system-out>
  </testcase>
  <testcase name="updateCustomer_shouldSkipEmailValidationWhenEmailKeyIsMissing" classname="com.example.customer_service.controller.CustomerServiceControllerTest" time="0.015">
    <system-out><![CDATA[2024-12-23T16:10:29.853-05:00 DEBUG 31456 --- [customer_service] [           main] s.w.s.m.m.a.RequestMappingHandlerMapping : 7 mappings in org.springframework.web.servlet.mvc.method.annotation.RequestMappingHandlerMapping
2024-12-23T16:10:29.854-05:00 DEBUG 31456 --- [customer_service] [           main] s.w.s.m.m.a.RequestMappingHandlerAdapter : ControllerAdvice beans: 0 @ModelAttribute, 0 @InitBinder, 1 RequestBodyAdvice, 1 ResponseBodyAdvice
2024-12-23T16:10:29.855-05:00 DEBUG 31456 --- [customer_service] [           main] .m.m.a.ExceptionHandlerExceptionResolver : ControllerAdvice beans: 0 @ExceptionHandler, 1 ResponseBodyAdvice
2024-12-23T16:10:29.855-05:00  INFO 31456 --- [customer_service] [           main] o.s.mock.web.MockServletContext          : Initializing Spring TestDispatcherServlet ''
2024-12-23T16:10:29.855-05:00  INFO 31456 --- [customer_service] [           main] o.s.t.web.servlet.TestDispatcherServlet  : Initializing Servlet ''
2024-12-23T16:10:29.855-05:00  INFO 31456 --- [customer_service] [           main] o.s.t.web.servlet.TestDispatcherServlet  : Completed initialization in 0 ms
2024-12-23T16:10:29.856-05:00 DEBUG 31456 --- [customer_service] [           main] s.w.s.m.m.a.RequestMappingHandlerMapping : Mapped to com.example.customer_service.controller.CustomerController#updateCustomer(Long, Map)
2024-12-23T16:10:29.858-05:00 DEBUG 31456 --- [customer_service] [           main] m.m.a.RequestResponseBodyMethodProcessor : Read "application/json" to [{name=John Doe}]
2024-12-23T16:10:29.859-05:00 DEBUG 31456 --- [customer_service] [           main] o.s.w.s.m.m.a.HttpEntityMethodProcessor  : Using 'application/json', given [*/*] and supported [application/json, application/*+json]
2024-12-23T16:10:29.859-05:00 DEBUG 31456 --- [customer_service] [           main] o.s.w.s.m.m.a.HttpEntityMethodProcessor  : Writing [{message=Customer updated successfully, status=200}]
Test Passed: PUT without 'email' key skipped email validation.
]]></system-out>
  </testcase>
  <testcase name="patchCustomerStatus_shouldReturnNotFoundWhenCustomerDoesNotExist" classname="com.example.customer_service.controller.CustomerServiceControllerTest" time="0.028">
    <system-out><![CDATA[2024-12-23T16:10:29.871-05:00 DEBUG 31456 --- [customer_service] [           main] s.w.s.m.m.a.RequestMappingHandlerMapping : 7 mappings in org.springframework.web.servlet.mvc.method.annotation.RequestMappingHandlerMapping
2024-12-23T16:10:29.875-05:00 DEBUG 31456 --- [customer_service] [           main] s.w.s.m.m.a.RequestMappingHandlerAdapter : ControllerAdvice beans: 0 @ModelAttribute, 0 @InitBinder, 1 RequestBodyAdvice, 1 ResponseBodyAdvice
2024-12-23T16:10:29.875-05:00 DEBUG 31456 --- [customer_service] [           main] .m.m.a.ExceptionHandlerExceptionResolver : ControllerAdvice beans: 0 @ExceptionHandler, 1 ResponseBodyAdvice
2024-12-23T16:10:29.876-05:00  INFO 31456 --- [customer_service] [           main] o.s.mock.web.MockServletContext          : Initializing Spring TestDispatcherServlet ''
2024-12-23T16:10:29.876-05:00  INFO 31456 --- [customer_service] [           main] o.s.t.web.servlet.TestDispatcherServlet  : Initializing Servlet ''
2024-12-23T16:10:29.876-05:00  INFO 31456 --- [customer_service] [           main] o.s.t.web.servlet.TestDispatcherServlet  : Completed initialization in 0 ms
2024-12-23T16:10:29.879-05:00 DEBUG 31456 --- [customer_service] [           main] s.w.s.m.m.a.RequestMappingHandlerMapping : Mapped to com.example.customer_service.controller.CustomerController#updateCustomerStatus(Long, Map)
2024-12-23T16:10:29.885-05:00 DEBUG 31456 --- [customer_service] [           main] m.m.a.RequestResponseBodyMethodProcessor : Read "application/json" to [{status=enabled}]
2024-12-23T16:10:29.887-05:00 DEBUG 31456 --- [customer_service] [           main] o.s.w.s.m.m.a.HttpEntityMethodProcessor  : Using 'application/json', given [*/*] and supported [application/json, application/*+json]
2024-12-23T16:10:29.888-05:00 DEBUG 31456 --- [customer_service] [           main] o.s.w.s.m.m.a.HttpEntityMethodProcessor  : Writing [{message=Customer not found, status=404}]
Test Passed: PATCH with non-existent customer returned 404 Not Found.
]]></system-out>
  </testcase>
  <testcase name="patchCustomerStatus_shouldReturnBadRequestForInvalidStatus" classname="com.example.customer_service.controller.CustomerServiceControllerTest" time="0.018">
    <system-out><![CDATA[2024-12-23T16:10:29.900-05:00 DEBUG 31456 --- [customer_service] [           main] s.w.s.m.m.a.RequestMappingHandlerMapping : 7 mappings in org.springframework.web.servlet.mvc.method.annotation.RequestMappingHandlerMapping
2024-12-23T16:10:29.902-05:00 DEBUG 31456 --- [customer_service] [           main] s.w.s.m.m.a.RequestMappingHandlerAdapter : ControllerAdvice beans: 0 @ModelAttribute, 0 @InitBinder, 1 RequestBodyAdvice, 1 ResponseBodyAdvice
2024-12-23T16:10:29.903-05:00 DEBUG 31456 --- [customer_service] [           main] .m.m.a.ExceptionHandlerExceptionResolver : ControllerAdvice beans: 0 @ExceptionHandler, 1 ResponseBodyAdvice
2024-12-23T16:10:29.903-05:00  INFO 31456 --- [customer_service] [           main] o.s.mock.web.MockServletContext          : Initializing Spring TestDispatcherServlet ''
2024-12-23T16:10:29.903-05:00  INFO 31456 --- [customer_service] [           main] o.s.t.web.servlet.TestDispatcherServlet  : Initializing Servlet ''
2024-12-23T16:10:29.903-05:00  INFO 31456 --- [customer_service] [           main] o.s.t.web.servlet.TestDispatcherServlet  : Completed initialization in 0 ms
2024-12-23T16:10:29.904-05:00 DEBUG 31456 --- [customer_service] [           main] s.w.s.m.m.a.RequestMappingHandlerMapping : Mapped to com.example.customer_service.controller.CustomerController#updateCustomerStatus(Long, Map)
2024-12-23T16:10:29.906-05:00 DEBUG 31456 --- [customer_service] [           main] m.m.a.RequestResponseBodyMethodProcessor : Read "application/json" to [{status=invalid_status}]
2024-12-23T16:10:29.907-05:00 DEBUG 31456 --- [customer_service] [           main] o.s.w.s.m.m.a.HttpEntityMethodProcessor  : Using 'application/json', given [*/*] and supported [application/json, application/*+json]
2024-12-23T16:10:29.907-05:00 DEBUG 31456 --- [customer_service] [           main] o.s.w.s.m.m.a.HttpEntityMethodProcessor  : Writing [{message=Invalid status value, status=400}]
Test Passed: PATCH with invalid status returned 400 Bad Request.
]]></system-out>
  </testcase>
  <testcase name="getAllCustomers_shouldReturnCustomerList" classname="com.example.customer_service.controller.CustomerServiceControllerTest" time="0.022">
    <system-out><![CDATA[2024-12-23T16:10:29.918-05:00 DEBUG 31456 --- [customer_service] [           main] s.w.s.m.m.a.RequestMappingHandlerMapping : 7 mappings in org.springframework.web.servlet.mvc.method.annotation.RequestMappingHandlerMapping
2024-12-23T16:10:29.920-05:00 DEBUG 31456 --- [customer_service] [           main] s.w.s.m.m.a.RequestMappingHandlerAdapter : ControllerAdvice beans: 0 @ModelAttribute, 0 @InitBinder, 1 RequestBodyAdvice, 1 ResponseBodyAdvice
2024-12-23T16:10:29.920-05:00 DEBUG 31456 --- [customer_service] [           main] .m.m.a.ExceptionHandlerExceptionResolver : ControllerAdvice beans: 0 @ExceptionHandler, 1 ResponseBodyAdvice
2024-12-23T16:10:29.921-05:00  INFO 31456 --- [customer_service] [           main] o.s.mock.web.MockServletContext          : Initializing Spring TestDispatcherServlet ''
2024-12-23T16:10:29.921-05:00  INFO 31456 --- [customer_service] [           main] o.s.t.web.servlet.TestDispatcherServlet  : Initializing Servlet ''
2024-12-23T16:10:29.921-05:00  INFO 31456 --- [customer_service] [           main] o.s.t.web.servlet.TestDispatcherServlet  : Completed initialization in 0 ms
2024-12-23T16:10:29.922-05:00 DEBUG 31456 --- [customer_service] [           main] s.w.s.m.m.a.RequestMappingHandlerMapping : Mapped to com.example.customer_service.controller.CustomerController#getAllCustomers()
2024-12-23T16:10:29.923-05:00 DEBUG 31456 --- [customer_service] [           main] o.s.w.s.m.m.a.HttpEntityMethodProcessor  : Using 'application/json', given [*/*] and supported [application/json, application/*+json]
2024-12-23T16:10:29.924-05:00 DEBUG 31456 --- [customer_service] [           main] o.s.w.s.m.m.a.HttpEntityMethodProcessor  : Writing [{customers=[Customer(id=1, name=John Doe, industry=IT, companySize=50, email=johndoe@example.com, ph (truncated)...]
]]></system-out>
  </testcase>
  <testcase name="createCustomer_shouldReturnUnauthorized" classname="com.example.customer_service.controller.CustomerServiceControllerTest" time="0.02">
    <system-out><![CDATA[2024-12-23T16:10:29.939-05:00 DEBUG 31456 --- [customer_service] [           main] s.w.s.m.m.a.RequestMappingHandlerMapping : 7 mappings in org.springframework.web.servlet.mvc.method.annotation.RequestMappingHandlerMapping
2024-12-23T16:10:29.941-05:00 DEBUG 31456 --- [customer_service] [           main] s.w.s.m.m.a.RequestMappingHandlerAdapter : ControllerAdvice beans: 0 @ModelAttribute, 0 @InitBinder, 1 RequestBodyAdvice, 1 ResponseBodyAdvice
2024-12-23T16:10:29.941-05:00 DEBUG 31456 --- [customer_service] [           main] .m.m.a.ExceptionHandlerExceptionResolver : ControllerAdvice beans: 0 @ExceptionHandler, 1 ResponseBodyAdvice
2024-12-23T16:10:29.941-05:00  INFO 31456 --- [customer_service] [           main] o.s.mock.web.MockServletContext          : Initializing Spring TestDispatcherServlet ''
2024-12-23T16:10:29.941-05:00  INFO 31456 --- [customer_service] [           main] o.s.t.web.servlet.TestDispatcherServlet  : Initializing Servlet ''
2024-12-23T16:10:29.942-05:00  INFO 31456 --- [customer_service] [           main] o.s.t.web.servlet.TestDispatcherServlet  : Completed initialization in 0 ms
2024-12-23T16:10:29.944-05:00 DEBUG 31456 --- [customer_service] [           main] s.w.s.m.m.a.RequestMappingHandlerMapping : Mapped to com.example.customer_service.controller.CustomerController#createCustomer(CustomerDTO)
2024-12-23T16:10:29.947-05:00 DEBUG 31456 --- [customer_service] [           main] m.m.a.RequestResponseBodyMethodProcessor : Read "application/json" to [CustomerDTO(id=null, name=null, industry=null, companySize=null, email=null, phoneNumber=null, addre (truncated)...]
2024-12-23T16:10:29.949-05:00 DEBUG 31456 --- [customer_service] [           main] o.s.w.s.m.m.a.HttpEntityMethodProcessor  : Using 'application/json', given [*/*] and supported [application/json, application/*+json]
2024-12-23T16:10:29.950-05:00 DEBUG 31456 --- [customer_service] [           main] o.s.w.s.m.m.a.HttpEntityMethodProcessor  : Writing [{message=Unauthorized access, status=401}]
Test Passed: POST Unauthorized scenario tested successfully.
]]></system-out>
  </testcase>
  <testcase name="searchCustomers_shouldReturnBadRequestForInvalidLimit" classname="com.example.customer_service.controller.CustomerServiceControllerTest" time="0.022">
    <system-out><![CDATA[2024-12-23T16:10:29.961-05:00 DEBUG 31456 --- [customer_service] [           main] s.w.s.m.m.a.RequestMappingHandlerMapping : 7 mappings in org.springframework.web.servlet.mvc.method.annotation.RequestMappingHandlerMapping
2024-12-23T16:10:29.964-05:00 DEBUG 31456 --- [customer_service] [           main] s.w.s.m.m.a.RequestMappingHandlerAdapter : ControllerAdvice beans: 0 @ModelAttribute, 0 @InitBinder, 1 RequestBodyAdvice, 1 ResponseBodyAdvice
2024-12-23T16:10:29.964-05:00 DEBUG 31456 --- [customer_service] [           main] .m.m.a.ExceptionHandlerExceptionResolver : ControllerAdvice beans: 0 @ExceptionHandler, 1 ResponseBodyAdvice
2024-12-23T16:10:29.965-05:00  INFO 31456 --- [customer_service] [           main] o.s.mock.web.MockServletContext          : Initializing Spring TestDispatcherServlet ''
2024-12-23T16:10:29.965-05:00  INFO 31456 --- [customer_service] [           main] o.s.t.web.servlet.TestDispatcherServlet  : Initializing Servlet ''
2024-12-23T16:10:29.965-05:00  INFO 31456 --- [customer_service] [           main] o.s.t.web.servlet.TestDispatcherServlet  : Completed initialization in 0 ms
2024-12-23T16:10:29.967-05:00 DEBUG 31456 --- [customer_service] [           main] s.w.s.m.m.a.RequestMappingHandlerMapping : Mapped to com.example.customer_service.controller.CustomerController#searchCustomers(SearchCriteria)
2024-12-23T16:10:29.969-05:00 DEBUG 31456 --- [customer_service] [           main] o.s.w.s.m.m.a.HttpEntityMethodProcessor  : Using 'application/json', given [*/*] and supported [application/json, application/*+json]
2024-12-23T16:10:29.969-05:00 DEBUG 31456 --- [customer_service] [           main] o.s.w.s.m.m.a.HttpEntityMethodProcessor  : Writing [{message=Invalid search parameter, status=400}]
Test Passed: Search endpoint returned 400 Bad Request for limit = -1.
2024-12-23T16:10:29.971-05:00 DEBUG 31456 --- [customer_service] [           main] s.w.s.m.m.a.RequestMappingHandlerMapping : Mapped to com.example.customer_service.controller.CustomerController#searchCustomers(SearchCriteria)
2024-12-23T16:10:29.973-05:00 DEBUG 31456 --- [customer_service] [           main] o.s.w.s.m.m.a.HttpEntityMethodProcessor  : Using 'application/json', given [*/*] and supported [application/json, application/*+json]
2024-12-23T16:10:29.974-05:00 DEBUG 31456 --- [customer_service] [           main] o.s.w.s.m.m.a.HttpEntityMethodProcessor  : Writing [{message=Invalid search parameter, status=400}]
Test Passed: Search endpoint returned 400 Bad Request for limit = 0.
]]></system-out>
  </testcase>
  <testcase name="updateCustomer_shouldReturnBadRequestWhenEmailIsNull" classname="com.example.customer_service.controller.CustomerServiceControllerTest" time="0.02">
    <system-out><![CDATA[2024-12-23T16:10:29.985-05:00 DEBUG 31456 --- [customer_service] [           main] s.w.s.m.m.a.RequestMappingHandlerMapping : 7 mappings in org.springframework.web.servlet.mvc.method.annotation.RequestMappingHandlerMapping
2024-12-23T16:10:29.986-05:00 DEBUG 31456 --- [customer_service] [           main] s.w.s.m.m.a.RequestMappingHandlerAdapter : ControllerAdvice beans: 0 @ModelAttribute, 0 @InitBinder, 1 RequestBodyAdvice, 1 ResponseBodyAdvice
2024-12-23T16:10:29.987-05:00 DEBUG 31456 --- [customer_service] [           main] .m.m.a.ExceptionHandlerExceptionResolver : ControllerAdvice beans: 0 @ExceptionHandler, 1 ResponseBodyAdvice
2024-12-23T16:10:29.987-05:00  INFO 31456 --- [customer_service] [           main] o.s.mock.web.MockServletContext          : Initializing Spring TestDispatcherServlet ''
2024-12-23T16:10:29.987-05:00  INFO 31456 --- [customer_service] [           main] o.s.t.web.servlet.TestDispatcherServlet  : Initializing Servlet ''
2024-12-23T16:10:29.987-05:00  INFO 31456 --- [customer_service] [           main] o.s.t.web.servlet.TestDispatcherServlet  : Completed initialization in 0 ms
2024-12-23T16:10:29.988-05:00 DEBUG 31456 --- [customer_service] [           main] s.w.s.m.m.a.RequestMappingHandlerMapping : Mapped to com.example.customer_service.controller.CustomerController#updateCustomer(Long, Map)
2024-12-23T16:10:29.992-05:00 DEBUG 31456 --- [customer_service] [           main] m.m.a.RequestResponseBodyMethodProcessor : Read "application/json" to [{email=null}]
2024-12-23T16:10:29.994-05:00 DEBUG 31456 --- [customer_service] [           main] o.s.w.s.m.m.a.HttpEntityMethodProcessor  : Using 'application/json', given [*/*] and supported [application/json, application/*+json]
2024-12-23T16:10:29.995-05:00 DEBUG 31456 --- [customer_service] [           main] o.s.w.s.m.m.a.HttpEntityMethodProcessor  : Writing [{message=Invalid email format, status=400}]
Test Passed: PUT with null 'email' returned 400 Bad Request.
]]></system-out>
  </testcase>
  <testcase name="searchCustomers_shouldReturnUnauthorizedWhenNotAuthenticated" classname="com.example.customer_service.controller.CustomerServiceControllerTest" time="0.022">
    <system-out><![CDATA[2024-12-23T16:10:30.009-05:00 DEBUG 31456 --- [customer_service] [           main] s.w.s.m.m.a.RequestMappingHandlerMapping : 7 mappings in org.springframework.web.servlet.mvc.method.annotation.RequestMappingHandlerMapping
2024-12-23T16:10:30.012-05:00 DEBUG 31456 --- [customer_service] [           main] s.w.s.m.m.a.RequestMappingHandlerAdapter : ControllerAdvice beans: 0 @ModelAttribute, 0 @InitBinder, 1 RequestBodyAdvice, 1 ResponseBodyAdvice
2024-12-23T16:10:30.012-05:00 DEBUG 31456 --- [customer_service] [           main] .m.m.a.ExceptionHandlerExceptionResolver : ControllerAdvice beans: 0 @ExceptionHandler, 1 ResponseBodyAdvice
2024-12-23T16:10:30.013-05:00  INFO 31456 --- [customer_service] [           main] o.s.mock.web.MockServletContext          : Initializing Spring TestDispatcherServlet ''
2024-12-23T16:10:30.013-05:00  INFO 31456 --- [customer_service] [           main] o.s.t.web.servlet.TestDispatcherServlet  : Initializing Servlet ''
2024-12-23T16:10:30.013-05:00  INFO 31456 --- [customer_service] [           main] o.s.t.web.servlet.TestDispatcherServlet  : Completed initialization in 0 ms
2024-12-23T16:10:30.015-05:00 DEBUG 31456 --- [customer_service] [           main] s.w.s.m.m.a.RequestMappingHandlerMapping : Mapped to com.example.customer_service.controller.CustomerController#searchCustomers(SearchCriteria)
2024-12-23T16:10:30.017-05:00 DEBUG 31456 --- [customer_service] [           main] o.s.w.s.m.m.a.HttpEntityMethodProcessor  : Using 'application/json', given [*/*] and supported [application/json, application/*+json]
2024-12-23T16:10:30.018-05:00 DEBUG 31456 --- [customer_service] [           main] o.s.w.s.m.m.a.HttpEntityMethodProcessor  : Writing [{message=Unauthorized access, status=401}]
Test Passed: Search endpoint returned 401 Unauthorized.
]]></system-out>
  </testcase>
  <testcase name="updateCustomer_shouldPassWhenEmailIsValid" classname="com.example.customer_service.controller.CustomerServiceControllerTest" time="0.019">
    <system-out><![CDATA[2024-12-23T16:10:30.031-05:00 DEBUG 31456 --- [customer_service] [           main] s.w.s.m.m.a.RequestMappingHandlerMapping : 7 mappings in org.springframework.web.servlet.mvc.method.annotation.RequestMappingHandlerMapping
2024-12-23T16:10:30.033-05:00 DEBUG 31456 --- [customer_service] [           main] s.w.s.m.m.a.RequestMappingHandlerAdapter : ControllerAdvice beans: 0 @ModelAttribute, 0 @InitBinder, 1 RequestBodyAdvice, 1 ResponseBodyAdvice
2024-12-23T16:10:30.033-05:00 DEBUG 31456 --- [customer_service] [           main] .m.m.a.ExceptionHandlerExceptionResolver : ControllerAdvice beans: 0 @ExceptionHandler, 1 ResponseBodyAdvice
2024-12-23T16:10:30.033-05:00  INFO 31456 --- [customer_service] [           main] o.s.mock.web.MockServletContext          : Initializing Spring TestDispatcherServlet ''
2024-12-23T16:10:30.033-05:00  INFO 31456 --- [customer_service] [           main] o.s.t.web.servlet.TestDispatcherServlet  : Initializing Servlet ''
2024-12-23T16:10:30.033-05:00  INFO 31456 --- [customer_service] [           main] o.s.t.web.servlet.TestDispatcherServlet  : Completed initialization in 0 ms
2024-12-23T16:10:30.035-05:00 DEBUG 31456 --- [customer_service] [           main] s.w.s.m.m.a.RequestMappingHandlerMapping : Mapped to com.example.customer_service.controller.CustomerController#updateCustomer(Long, Map)
2024-12-23T16:10:30.037-05:00 DEBUG 31456 --- [customer_service] [           main] m.m.a.RequestResponseBodyMethodProcessor : Read "application/json" to [{email=valid@example.com}]
2024-12-23T16:10:30.039-05:00 DEBUG 31456 --- [customer_service] [           main] o.s.w.s.m.m.a.HttpEntityMethodProcessor  : Using 'application/json', given [*/*] and supported [application/json, application/*+json]
2024-12-23T16:10:30.039-05:00 DEBUG 31456 --- [customer_service] [           main] o.s.w.s.m.m.a.HttpEntityMethodProcessor  : Writing [{message=Customer updated successfully, status=200}]
Test Passed: PUT with valid 'email' passed successfully.
]]></system-out>
  </testcase>
  <testcase name="patchCustomerStatus_shouldReturnForbiddenWhenNoPermission" classname="com.example.customer_service.controller.CustomerServiceControllerTest" time="0.027">
    <system-out><![CDATA[2024-12-23T16:10:30.053-05:00 DEBUG 31456 --- [customer_service] [           main] s.w.s.m.m.a.RequestMappingHandlerMapping : 7 mappings in org.springframework.web.servlet.mvc.method.annotation.RequestMappingHandlerMapping
2024-12-23T16:10:30.056-05:00 DEBUG 31456 --- [customer_service] [           main] s.w.s.m.m.a.RequestMappingHandlerAdapter : ControllerAdvice beans: 0 @ModelAttribute, 0 @InitBinder, 1 RequestBodyAdvice, 1 ResponseBodyAdvice
2024-12-23T16:10:30.057-05:00 DEBUG 31456 --- [customer_service] [           main] .m.m.a.ExceptionHandlerExceptionResolver : ControllerAdvice beans: 0 @ExceptionHandler, 1 ResponseBodyAdvice
2024-12-23T16:10:30.057-05:00  INFO 31456 --- [customer_service] [           main] o.s.mock.web.MockServletContext          : Initializing Spring TestDispatcherServlet ''
2024-12-23T16:10:30.057-05:00  INFO 31456 --- [customer_service] [           main] o.s.t.web.servlet.TestDispatcherServlet  : Initializing Servlet ''
2024-12-23T16:10:30.058-05:00  INFO 31456 --- [customer_service] [           main] o.s.t.web.servlet.TestDispatcherServlet  : Completed initialization in 1 ms
2024-12-23T16:10:30.060-05:00 DEBUG 31456 --- [customer_service] [           main] s.w.s.m.m.a.RequestMappingHandlerMapping : Mapped to com.example.customer_service.controller.CustomerController#updateCustomerStatus(Long, Map)
2024-12-23T16:10:30.063-05:00 DEBUG 31456 --- [customer_service] [           main] m.m.a.RequestResponseBodyMethodProcessor : Read "application/json" to [{status=active}]
2024-12-23T16:10:30.065-05:00 DEBUG 31456 --- [customer_service] [           main] o.s.w.s.m.m.a.HttpEntityMethodProcessor  : Using 'application/json', given [*/*] and supported [application/json, application/*+json]
2024-12-23T16:10:30.066-05:00 DEBUG 31456 --- [customer_service] [           main] o.s.w.s.m.m.a.HttpEntityMethodProcessor  : Writing [{message=Forbidden, status=403}]
Test Passed: Forbidden access tested successfully.
]]></system-out>
  </testcase>
  <testcase name="createCustomer_shouldReturnNotFoundWhenIdIsInvalid" classname="com.example.customer_service.controller.CustomerServiceControllerTest" time="0.026">
    <system-out><![CDATA[2024-12-23T16:10:30.079-05:00 DEBUG 31456 --- [customer_service] [           main] s.w.s.m.m.a.RequestMappingHandlerMapping : 7 mappings in org.springframework.web.servlet.mvc.method.annotation.RequestMappingHandlerMapping
2024-12-23T16:10:30.082-05:00 DEBUG 31456 --- [customer_service] [           main] s.w.s.m.m.a.RequestMappingHandlerAdapter : ControllerAdvice beans: 0 @ModelAttribute, 0 @InitBinder, 1 RequestBodyAdvice, 1 ResponseBodyAdvice
2024-12-23T16:10:30.082-05:00 DEBUG 31456 --- [customer_service] [           main] .m.m.a.ExceptionHandlerExceptionResolver : ControllerAdvice beans: 0 @ExceptionHandler, 1 ResponseBodyAdvice
2024-12-23T16:10:30.083-05:00  INFO 31456 --- [customer_service] [           main] o.s.mock.web.MockServletContext          : Initializing Spring TestDispatcherServlet ''
2024-12-23T16:10:30.083-05:00  INFO 31456 --- [customer_service] [           main] o.s.t.web.servlet.TestDispatcherServlet  : Initializing Servlet ''
2024-12-23T16:10:30.083-05:00  INFO 31456 --- [customer_service] [           main] o.s.t.web.servlet.TestDispatcherServlet  : Completed initialization in 0 ms
2024-12-23T16:10:30.089-05:00 DEBUG 31456 --- [customer_service] [           main] s.w.s.m.m.a.RequestMappingHandlerMapping : Mapped to com.example.customer_service.controller.CustomerController#createCustomer(CustomerDTO)
2024-12-23T16:10:30.093-05:00 DEBUG 31456 --- [customer_service] [           main] m.m.a.RequestResponseBodyMethodProcessor : Read "application/json" to [CustomerDTO(id=999, name=John Doe, industry=IT, companySize=50, email=johndoe@example.com, phoneNumb (truncated)...]
2024-12-23T16:10:30.094-05:00 DEBUG 31456 --- [customer_service] [           main] o.s.w.s.m.m.a.HttpEntityMethodProcessor  : Using 'application/json', given [*/*] and supported [application/json, application/*+json]
2024-12-23T16:10:30.094-05:00 DEBUG 31456 --- [customer_service] [           main] o.s.w.s.m.m.a.HttpEntityMethodProcessor  : Writing [{message=Customer not found, status=404}]
Test Passed: POST with invalid ID returned 404 Not Found.
]]></system-out>
  </testcase>
  <testcase name="searchCustomers_shouldReturnBadRequestForIllegalArgumentException" classname="com.example.customer_service.controller.CustomerServiceControllerTest" time="0.015">
    <system-out><![CDATA[2024-12-23T16:10:30.103-05:00 DEBUG 31456 --- [customer_service] [           main] s.w.s.m.m.a.RequestMappingHandlerMapping : 7 mappings in org.springframework.web.servlet.mvc.method.annotation.RequestMappingHandlerMapping
2024-12-23T16:10:30.104-05:00 DEBUG 31456 --- [customer_service] [           main] s.w.s.m.m.a.RequestMappingHandlerAdapter : ControllerAdvice beans: 0 @ModelAttribute, 0 @InitBinder, 1 RequestBodyAdvice, 1 ResponseBodyAdvice
2024-12-23T16:10:30.105-05:00 DEBUG 31456 --- [customer_service] [           main] .m.m.a.ExceptionHandlerExceptionResolver : ControllerAdvice beans: 0 @ExceptionHandler, 1 ResponseBodyAdvice
2024-12-23T16:10:30.105-05:00  INFO 31456 --- [customer_service] [           main] o.s.mock.web.MockServletContext          : Initializing Spring TestDispatcherServlet ''
2024-12-23T16:10:30.105-05:00  INFO 31456 --- [customer_service] [           main] o.s.t.web.servlet.TestDispatcherServlet  : Initializing Servlet ''
2024-12-23T16:10:30.106-05:00  INFO 31456 --- [customer_service] [           main] o.s.t.web.servlet.TestDispatcherServlet  : Completed initialization in 1 ms
2024-12-23T16:10:30.108-05:00 DEBUG 31456 --- [customer_service] [           main] s.w.s.m.m.a.RequestMappingHandlerMapping : Mapped to com.example.customer_service.controller.CustomerController#searchCustomers(SearchCriteria)
2024-12-23T16:10:30.110-05:00 DEBUG 31456 --- [customer_service] [           main] o.s.w.s.m.m.a.HttpEntityMethodProcessor  : Using 'application/json', given [*/*] and supported [application/json, application/*+json]
2024-12-23T16:10:30.110-05:00 DEBUG 31456 --- [customer_service] [           main] o.s.w.s.m.m.a.HttpEntityMethodProcessor  : Writing [{message=Invalid search parameter, status=400}]
Test Passed: Search endpoint returned 400 Bad Request for IllegalArgumentException.
]]></system-out>
  </testcase>
  <testcase name="patchCustomerStatus_shouldReturnOkWhenUpdateIsSuccessful" classname="com.example.customer_service.controller.CustomerServiceControllerTest" time="0.02">
    <system-out><![CDATA[2024-12-23T16:10:30.123-05:00 DEBUG 31456 --- [customer_service] [           main] s.w.s.m.m.a.RequestMappingHandlerMapping : 7 mappings in org.springframework.web.servlet.mvc.method.annotation.RequestMappingHandlerMapping
2024-12-23T16:10:30.124-05:00 DEBUG 31456 --- [customer_service] [           main] s.w.s.m.m.a.RequestMappingHandlerAdapter : ControllerAdvice beans: 0 @ModelAttribute, 0 @InitBinder, 1 RequestBodyAdvice, 1 ResponseBodyAdvice
2024-12-23T16:10:30.125-05:00 DEBUG 31456 --- [customer_service] [           main] .m.m.a.ExceptionHandlerExceptionResolver : ControllerAdvice beans: 0 @ExceptionHandler, 1 ResponseBodyAdvice
2024-12-23T16:10:30.125-05:00  INFO 31456 --- [customer_service] [           main] o.s.mock.web.MockServletContext          : Initializing Spring TestDispatcherServlet ''
2024-12-23T16:10:30.125-05:00  INFO 31456 --- [customer_service] [           main] o.s.t.web.servlet.TestDispatcherServlet  : Initializing Servlet ''
2024-12-23T16:10:30.125-05:00  INFO 31456 --- [customer_service] [           main] o.s.t.web.servlet.TestDispatcherServlet  : Completed initialization in 0 ms
2024-12-23T16:10:30.127-05:00 DEBUG 31456 --- [customer_service] [           main] s.w.s.m.m.a.RequestMappingHandlerMapping : Mapped to com.example.customer_service.controller.CustomerController#updateCustomerStatus(Long, Map)
2024-12-23T16:10:30.129-05:00 DEBUG 31456 --- [customer_service] [           main] m.m.a.RequestResponseBodyMethodProcessor : Read "application/json" to [{status=enabled}]
2024-12-23T16:10:30.130-05:00 DEBUG 31456 --- [customer_service] [           main] o.s.w.s.m.m.a.HttpEntityMethodProcessor  : Using 'application/json', given [*/*] and supported [application/json, application/*+json]
2024-12-23T16:10:30.130-05:00 DEBUG 31456 --- [customer_service] [           main] o.s.w.s.m.m.a.HttpEntityMethodProcessor  : Writing [{message=Customer status updated successfully, status=200}]
Test Passed: PATCH successfully updated customer status.
]]></system-out>
  </testcase>
  <testcase name="updateCustomer_shouldReturnBadRequestWhenEmailIsEmpty" classname="com.example.customer_service.controller.CustomerServiceControllerTest" time="0.015">
    <system-out><![CDATA[2024-12-23T16:10:30.138-05:00 DEBUG 31456 --- [customer_service] [           main] s.w.s.m.m.a.RequestMappingHandlerMapping : 7 mappings in org.springframework.web.servlet.mvc.method.annotation.RequestMappingHandlerMapping
2024-12-23T16:10:30.140-05:00 DEBUG 31456 --- [customer_service] [           main] s.w.s.m.m.a.RequestMappingHandlerAdapter : ControllerAdvice beans: 0 @ModelAttribute, 0 @InitBinder, 1 RequestBodyAdvice, 1 ResponseBodyAdvice
2024-12-23T16:10:30.140-05:00 DEBUG 31456 --- [customer_service] [           main] .m.m.a.ExceptionHandlerExceptionResolver : ControllerAdvice beans: 0 @ExceptionHandler, 1 ResponseBodyAdvice
2024-12-23T16:10:30.140-05:00  INFO 31456 --- [customer_service] [           main] o.s.mock.web.MockServletContext          : Initializing Spring TestDispatcherServlet ''
2024-12-23T16:10:30.140-05:00  INFO 31456 --- [customer_service] [           main] o.s.t.web.servlet.TestDispatcherServlet  : Initializing Servlet ''
2024-12-23T16:10:30.140-05:00  INFO 31456 --- [customer_service] [           main] o.s.t.web.servlet.TestDispatcherServlet  : Completed initialization in 0 ms
2024-12-23T16:10:30.142-05:00 DEBUG 31456 --- [customer_service] [           main] s.w.s.m.m.a.RequestMappingHandlerMapping : Mapped to com.example.customer_service.controller.CustomerController#updateCustomer(Long, Map)
2024-12-23T16:10:30.145-05:00 DEBUG 31456 --- [customer_service] [           main] m.m.a.RequestResponseBodyMethodProcessor : Read "application/json" to [{email=}]
2024-12-23T16:10:30.146-05:00 DEBUG 31456 --- [customer_service] [           main] o.s.w.s.m.m.a.HttpEntityMethodProcessor  : Using 'application/json', given [*/*] and supported [application/json, application/*+json]
2024-12-23T16:10:30.146-05:00 DEBUG 31456 --- [customer_service] [           main] o.s.w.s.m.m.a.HttpEntityMethodProcessor  : Writing [{message=Invalid email format, status=400}]
Test Passed: PUT with empty 'email' returned 400 Bad Request.
]]></system-out>
  </testcase>
  <testcase name="updateCustomer_shouldReturnBadRequestWhenEmailLacksAtSymbol" classname="com.example.customer_service.controller.CustomerServiceControllerTest" time="0.01">
    <system-out><![CDATA[2024-12-23T16:10:30.153-05:00 DEBUG 31456 --- [customer_service] [           main] s.w.s.m.m.a.RequestMappingHandlerMapping : 7 mappings in org.springframework.web.servlet.mvc.method.annotation.RequestMappingHandlerMapping
2024-12-23T16:10:30.154-05:00 DEBUG 31456 --- [customer_service] [           main] s.w.s.m.m.a.RequestMappingHandlerAdapter : ControllerAdvice beans: 0 @ModelAttribute, 0 @InitBinder, 1 RequestBodyAdvice, 1 ResponseBodyAdvice
2024-12-23T16:10:30.154-05:00 DEBUG 31456 --- [customer_service] [           main] .m.m.a.ExceptionHandlerExceptionResolver : ControllerAdvice beans: 0 @ExceptionHandler, 1 ResponseBodyAdvice
2024-12-23T16:10:30.154-05:00  INFO 31456 --- [customer_service] [           main] o.s.mock.web.MockServletContext          : Initializing Spring TestDispatcherServlet ''
2024-12-23T16:10:30.154-05:00  INFO 31456 --- [customer_service] [           main] o.s.t.web.servlet.TestDispatcherServlet  : Initializing Servlet ''
2024-12-23T16:10:30.155-05:00  INFO 31456 --- [customer_service] [           main] o.s.t.web.servlet.TestDispatcherServlet  : Completed initialization in 0 ms
2024-12-23T16:10:30.156-05:00 DEBUG 31456 --- [customer_service] [           main] s.w.s.m.m.a.RequestMappingHandlerMapping : Mapped to com.example.customer_service.controller.CustomerController#updateCustomer(Long, Map)
2024-12-23T16:10:30.157-05:00 DEBUG 31456 --- [customer_service] [           main] m.m.a.RequestResponseBodyMethodProcessor : Read "application/json" to [{email=invalidemail.com}]
2024-12-23T16:10:30.158-05:00 DEBUG 31456 --- [customer_service] [           main] o.s.w.s.m.m.a.HttpEntityMethodProcessor  : Using 'application/json', given [*/*] and supported [application/json, application/*+json]
2024-12-23T16:10:30.158-05:00 DEBUG 31456 --- [customer_service] [           main] o.s.w.s.m.m.a.HttpEntityMethodProcessor  : Writing [{message=Invalid email format, status=400}]
Test Passed: PUT with invalid 'email' returned 400 Bad Request.
]]></system-out>
  </testcase>
  <testcase name="createCustomer_shouldReturnCreateStatus" classname="com.example.customer_service.controller.CustomerServiceControllerTest" time="0.018">
    <system-out><![CDATA[2024-12-23T16:10:30.165-05:00 DEBUG 31456 --- [customer_service] [           main] s.w.s.m.m.a.RequestMappingHandlerMapping : 7 mappings in org.springframework.web.servlet.mvc.method.annotation.RequestMappingHandlerMapping
2024-12-23T16:10:30.168-05:00 DEBUG 31456 --- [customer_service] [           main] s.w.s.m.m.a.RequestMappingHandlerAdapter : ControllerAdvice beans: 0 @ModelAttribute, 0 @InitBinder, 1 RequestBodyAdvice, 1 ResponseBodyAdvice
2024-12-23T16:10:30.168-05:00 DEBUG 31456 --- [customer_service] [           main] .m.m.a.ExceptionHandlerExceptionResolver : ControllerAdvice beans: 0 @ExceptionHandler, 1 ResponseBodyAdvice
2024-12-23T16:10:30.169-05:00  INFO 31456 --- [customer_service] [           main] o.s.mock.web.MockServletContext          : Initializing Spring TestDispatcherServlet ''
2024-12-23T16:10:30.169-05:00  INFO 31456 --- [customer_service] [           main] o.s.t.web.servlet.TestDispatcherServlet  : Initializing Servlet ''
2024-12-23T16:10:30.169-05:00  INFO 31456 --- [customer_service] [           main] o.s.t.web.servlet.TestDispatcherServlet  : Completed initialization in 0 ms
2024-12-23T16:10:30.172-05:00 DEBUG 31456 --- [customer_service] [           main] s.w.s.m.m.a.RequestMappingHandlerMapping : Mapped to com.example.customer_service.controller.CustomerController#createCustomer(CustomerDTO)
2024-12-23T16:10:30.174-05:00 DEBUG 31456 --- [customer_service] [           main] m.m.a.RequestResponseBodyMethodProcessor : Read "application/json" to [CustomerDTO(id=null, name=John Doe, industry=IT, companySize=50, email=Johndoe@example.com, phoneNum (truncated)...]
2024-12-23T16:10:30.176-05:00 DEBUG 31456 --- [customer_service] [           main] o.s.w.s.m.m.a.HttpEntityMethodProcessor  : Using 'application/json', given [*/*] and supported [application/json, application/*+json]
2024-12-23T16:10:30.176-05:00 DEBUG 31456 --- [customer_service] [           main] o.s.w.s.m.m.a.HttpEntityMethodProcessor  : Writing [{message=Customer created successfully, status=201}]
Test Passed: POST Create test passed successfully.
]]></system-out>
  </testcase>
  <testcase name="createCustomer_shouldReturnBadRequestWhenEmailIsNull" classname="com.example.customer_service.controller.CustomerServiceControllerTest" time="0.022">
    <system-out><![CDATA[2024-12-23T16:10:30.190-05:00 DEBUG 31456 --- [customer_service] [           main] s.w.s.m.m.a.RequestMappingHandlerMapping : 7 mappings in org.springframework.web.servlet.mvc.method.annotation.RequestMappingHandlerMapping
2024-12-23T16:10:30.191-05:00 DEBUG 31456 --- [customer_service] [           main] s.w.s.m.m.a.RequestMappingHandlerAdapter : ControllerAdvice beans: 0 @ModelAttribute, 0 @InitBinder, 1 RequestBodyAdvice, 1 ResponseBodyAdvice
2024-12-23T16:10:30.192-05:00 DEBUG 31456 --- [customer_service] [           main] .m.m.a.ExceptionHandlerExceptionResolver : ControllerAdvice beans: 0 @ExceptionHandler, 1 ResponseBodyAdvice
2024-12-23T16:10:30.192-05:00  INFO 31456 --- [customer_service] [           main] o.s.mock.web.MockServletContext          : Initializing Spring TestDispatcherServlet ''
2024-12-23T16:10:30.192-05:00  INFO 31456 --- [customer_service] [           main] o.s.t.web.servlet.TestDispatcherServlet  : Initializing Servlet ''
2024-12-23T16:10:30.192-05:00  INFO 31456 --- [customer_service] [           main] o.s.t.web.servlet.TestDispatcherServlet  : Completed initialization in 0 ms
2024-12-23T16:10:30.194-05:00 DEBUG 31456 --- [customer_service] [           main] s.w.s.m.m.a.RequestMappingHandlerMapping : Mapped to com.example.customer_service.controller.CustomerController#createCustomer(CustomerDTO)
2024-12-23T16:10:30.196-05:00 DEBUG 31456 --- [customer_service] [           main] m.m.a.RequestResponseBodyMethodProcessor : Read "application/json" to [CustomerDTO(id=null, name=John Doe, industry=IT, companySize=50, email=null, phoneNumber=1234567890, (truncated)...]
2024-12-23T16:10:30.197-05:00 DEBUG 31456 --- [customer_service] [           main] o.s.w.s.m.m.a.HttpEntityMethodProcessor  : Using 'application/json', given [*/*] and supported [application/json, application/*+json]
2024-12-23T16:10:30.198-05:00 DEBUG 31456 --- [customer_service] [           main] o.s.w.s.m.m.a.HttpEntityMethodProcessor  : Writing [{message=Invalid email format, status=400}]
Test Passed: POST with null email returned 400 Bad Request.
]]></system-out>
  </testcase>
  <testcase name="createCustomer_shouldReturnBadRequestWhenEmailLacksAtSymbol" classname="com.example.customer_service.controller.CustomerServiceControllerTest" time="0.024">
    <system-out><![CDATA[2024-12-23T16:10:30.210-05:00 DEBUG 31456 --- [customer_service] [           main] s.w.s.m.m.a.RequestMappingHandlerMapping : 7 mappings in org.springframework.web.servlet.mvc.method.annotation.RequestMappingHandlerMapping
2024-12-23T16:10:30.213-05:00 DEBUG 31456 --- [customer_service] [           main] s.w.s.m.m.a.RequestMappingHandlerAdapter : ControllerAdvice beans: 0 @ModelAttribute, 0 @InitBinder, 1 RequestBodyAdvice, 1 ResponseBodyAdvice
2024-12-23T16:10:30.213-05:00 DEBUG 31456 --- [customer_service] [           main] .m.m.a.ExceptionHandlerExceptionResolver : ControllerAdvice beans: 0 @ExceptionHandler, 1 ResponseBodyAdvice
2024-12-23T16:10:30.214-05:00  INFO 31456 --- [customer_service] [           main] o.s.mock.web.MockServletContext          : Initializing Spring TestDispatcherServlet ''
2024-12-23T16:10:30.214-05:00  INFO 31456 --- [customer_service] [           main] o.s.t.web.servlet.TestDispatcherServlet  : Initializing Servlet ''
2024-12-23T16:10:30.214-05:00  INFO 31456 --- [customer_service] [           main] o.s.t.web.servlet.TestDispatcherServlet  : Completed initialization in 0 ms
2024-12-23T16:10:30.218-05:00 DEBUG 31456 --- [customer_service] [           main] s.w.s.m.m.a.RequestMappingHandlerMapping : Mapped to com.example.customer_service.controller.CustomerController#createCustomer(CustomerDTO)
2024-12-23T16:10:30.222-05:00 DEBUG 31456 --- [customer_service] [           main] m.m.a.RequestResponseBodyMethodProcessor : Read "application/json" to [CustomerDTO(id=null, name=John Doe, industry=IT, companySize=50, email=invalidemail.com, phoneNumber (truncated)...]
2024-12-23T16:10:30.223-05:00 DEBUG 31456 --- [customer_service] [           main] o.s.w.s.m.m.a.HttpEntityMethodProcessor  : Using 'application/json', given [*/*] and supported [application/json, application/*+json]
2024-12-23T16:10:30.224-05:00 DEBUG 31456 --- [customer_service] [           main] o.s.w.s.m.m.a.HttpEntityMethodProcessor  : Writing [{message=Invalid email format, status=400}]
Test Passed: POST with email lacking '@' returned 400 Bad Request.
]]></system-out>
  </testcase>
</testsuite>