<?xml version="1.0" encoding="UTF-8"?>
<testsuite xmlns:xsi="http://www.w3.org/2001/XMLSchema-instance" xsi:noNamespaceSchemaLocation="https://maven.apache.org/surefire/maven-surefire-plugin/xsd/surefire-test-report-3.0.xsd" version="3.0" name="com.example.customer_service.CustomerServiceApplicationTests" time="20.952" tests="2" errors="0" skipped="0" failures="0">
  <properties>
[...]
</properties>
  <testcase name="mainMethodTest" classname="com.example.customer_service.CustomerServiceApplicationTests" time="3.099">
    <system-out><![CDATA[16:09:58.726 [main] INFO org.springframework.test.context.support.AnnotationConfigContextLoaderUtils -- Could not detect default configuration classes for test class [com.example.customer_service.CustomerServiceApplicationTests]: CustomerServiceApplicationTests does not declare any static, non-private, non-final, nested classes annotated with @Configuration.
16:09:59.028 [main] INFO org.springframework.boot.test.context.SpringBootTestContextBootstrapper -- Found @SpringBootConfiguration com.example.customer_service.CustomerServiceApplication for test class com.example.customer_service.CustomerServiceApplicationTests

  .   ____          _            __ _ _
 /\\ / ___'_ __ _ _(_)_ __  __ _ \ \ \ \
( ( )\___ | '_ | '_| | '_ \/ _` | \ \ \ \
 \\/  ___)| |_)| | | | | || (_| |  ) ) ) )
  '  |____| .__|_| |_|_| |_\__, | / / / /
 =========|_|==============|___/=/_/_/_/

 :: Spring Boot ::                (v3.3.5)

2024-12-24T16:10:00.673-05:00  INFO 23160 --- [customer_service] [           main] c.e.c.CustomerServiceApplicationTests    : Starting CustomerServiceApplicationTests using Java 21.0.1 with PID 23160 (started by psaik in C:\Users\psaik\customer_service)
2024-12-24T16:10:00.679-05:00 DEBUG 23160 --- [customer_service] [           main] c.e.c.CustomerServiceApplicationTests    : Running with Spring Boot v3.3.5, Spring v6.1.14
2024-12-24T16:10:00.682-05:00  INFO 23160 --- [customer_service] [           main] c.e.c.CustomerServiceApplicationTests    : No active profile set, falling back to 1 default profile: "default"
2024-12-24T16:10:00.844-05:00 DEBUG 23160 --- [customer_service] [           main] o.s.w.c.s.GenericWebApplicationContext   : Refreshing org.springframework.web.context.support.GenericWebApplicationContext@6d02c23f
2024-12-24T16:10:03.319-05:00  INFO 23160 --- [customer_service] [           main] .s.d.r.c.RepositoryConfigurationDelegate : Bootstrapping Spring Data JPA repositories in DEFAULT mode.
2024-12-24T16:10:03.482-05:00  INFO 23160 --- [customer_service] [           main] .s.d.r.c.RepositoryConfigurationDelegate : Finished Spring Data repository scanning in 133 ms. Found 1 JPA repository interface.
2024-12-24T16:10:05.105-05:00  INFO 23160 --- [customer_service] [           main] o.hibernate.jpa.internal.util.LogHelper  : HHH000204: Processing PersistenceUnitInfo [name: default]
2024-12-24T16:10:05.392-05:00  INFO 23160 --- [customer_service] [           main] org.hibernate.Version                    : HHH000412: Hibernate ORM core version 6.5.3.Final
2024-12-24T16:10:05.535-05:00  INFO 23160 --- [customer_service] [           main] o.h.c.internal.RegionFactoryInitiator    : HHH000026: Second-level cache disabled
2024-12-24T16:10:06.026-05:00  INFO 23160 --- [customer_service] [           main] o.s.o.j.p.SpringPersistenceUnitInfo      : No LoadTimeWeaver setup: ignoring JPA class transformer
2024-12-24T16:10:06.112-05:00  INFO 23160 --- [customer_service] [           main] com.zaxxer.hikari.HikariDataSource       : HikariPool-1 - Starting...
2024-12-24T16:10:06.743-05:00  INFO 23160 --- [customer_service] [           main] com.zaxxer.hikari.pool.HikariPool        : HikariPool-1 - Added connection org.postgresql.jdbc.PgConnection@392aabea
2024-12-24T16:10:06.749-05:00  INFO 23160 --- [customer_service] [           main] com.zaxxer.hikari.HikariDataSource       : HikariPool-1 - Start completed.
2024-12-24T16:10:06.904-05:00  WARN 23160 --- [customer_service] [           main] org.hibernate.orm.deprecation            : HHH90000025: PostgreSQLDialect does not need to be specified explicitly using 'hibernate.dialect' (remove the property setting and it will be selected by default)
2024-12-24T16:10:09.671-05:00  INFO 23160 --- [customer_service] [           main] o.h.e.t.j.p.i.JtaPlatformInitiator       : HHH000489: No JTA platform available (set 'hibernate.transaction.jta.platform' to enable JTA platform integration)
2024-12-24T16:10:10.020-05:00  INFO 23160 --- [customer_service] [           main] j.LocalContainerEntityManagerFactoryBean : Initialized JPA EntityManagerFactory for persistence unit 'default'
2024-12-24T16:10:11.412-05:00  INFO 23160 --- [customer_service] [           main] o.s.d.j.r.query.QueryEnhancerFactory     : Hibernate is in classpath; If applicable, HQL parser will be used.
2024-12-24T16:10:13.645-05:00  WARN 23160 --- [customer_service] [           main] o.s.aop.framework.CglibAopProxy          : Unable to proxy interface-implementing method [public final void org.springframework.web.filter.OncePerRequestFilter.doFilter(jakarta.servlet.ServletRequest,jakarta.servlet.ServletResponse,jakarta.servlet.FilterChain) throws jakarta.servlet.ServletException,java.io.IOException] because it is marked as final, consider using interface-based JDK proxies instead.
2024-12-24T16:10:13.646-05:00  WARN 23160 --- [customer_service] [           main] o.s.aop.framework.CglibAopProxy          : Unable to proxy interface-implementing method [public final void org.springframework.web.filter.GenericFilterBean.init(jakarta.servlet.FilterConfig) throws jakarta.servlet.ServletException] because it is marked as final, consider using interface-based JDK proxies instead.
2024-12-24T16:10:13.988-05:00  WARN 23160 --- [customer_service] [           main] JpaBaseConfiguration$JpaWebConfiguration : spring.jpa.open-in-view is enabled by default. Therefore, database queries may be performed during view rendering. Explicitly configure spring.jpa.open-in-view to disable this warning
2024-12-24T16:10:14.136-05:00  INFO 23160 --- [customer_service] [           main] eAuthenticationProviderManagerConfigurer : Global AuthenticationManager configured with AuthenticationProvider bean with name authenticationProvider
2024-12-24T16:10:14.139-05:00  WARN 23160 --- [customer_service] [           main] r$InitializeUserDetailsManagerConfigurer : Global AuthenticationManager configured with an AuthenticationProvider bean. UserDetailsService beans will not be used for username/password login. Consider removing the AuthenticationProvider bean. Alternatively, consider using the UserDetailsService in a manually instantiated DaoAuthenticationProvider.
2024-12-24T16:10:14.536-05:00 DEBUG 23160 --- [customer_service] [           main] s.w.s.m.m.a.RequestMappingHandlerMapping : 10 mappings in 'requestMappingHandlerMapping'
2024-12-24T16:10:14.815-05:00 DEBUG 23160 --- [customer_service] [           main] o.s.w.s.handler.SimpleUrlHandlerMapping  : Patterns [/webjars/**, /**] in 'resourceHandlerMapping'
2024-12-24T16:10:14.929-05:00 DEBUG 23160 --- [customer_service] [           main] o.s.s.web.DefaultSecurityFilterChain     : Will secure any request with filters: DisableEncodeUrlFilter, WebAsyncManagerIntegrationFilter, SecurityContextHolderFilter, HeaderWriterFilter, LogoutFilter, JwtRequestFilter$$SpringCGLIB$$0, RequestCacheAwareFilter, SecurityContextHolderAwareRequestFilter, AnonymousAuthenticationFilter, ExceptionTranslationFilter, AuthorizationFilter
2024-12-24T16:10:15.358-05:00 DEBUG 23160 --- [customer_service] [           main] s.w.s.m.m.a.RequestMappingHandlerAdapter : ControllerAdvice beans: 0 @ModelAttribute, 0 @InitBinder, 1 RequestBodyAdvice, 1 ResponseBodyAdvice
2024-12-24T16:10:15.394-05:00 DEBUG 23160 --- [customer_service] [           main] .m.m.a.ExceptionHandlerExceptionResolver : ControllerAdvice beans: 1 @ExceptionHandler, 1 ResponseBodyAdvice
2024-12-24T16:10:16.433-05:00  INFO 23160 --- [customer_service] [           main] c.e.c.CustomerServiceApplicationTests    : Started CustomerServiceApplicationTests in 16.91 seconds (process running for 34.723)

  .   ____          _            __ _ _
 /\\ / ___'_ __ _ _(_)_ __  __ _ \ \ \ \
( ( )\___ | '_ | '_| | '_ \/ _` | \ \ \ \
 \\/  ___)| |_)| | | | | || (_| |  ) ) ) )
  '  |____| .__|_| |_|_| |_\__, | / / / /
 =========|_|==============|___/=/_/_/_/

 :: Spring Boot ::                (v3.3.5)

2024-12-24T16:10:16.594-05:00  INFO 23160 --- [customer_service] [           main] c.e.c.CustomerServiceApplication         : Starting CustomerServiceApplication using Java 21.0.1 with PID 23160 (started by psaik in C:\Users\psaik\customer_service)
2024-12-24T16:10:16.594-05:00 DEBUG 23160 --- [customer_service] [           main] c.e.c.CustomerServiceApplication         : Running with Spring Boot v3.3.5, Spring v6.1.14
2024-12-24T16:10:16.595-05:00  INFO 23160 --- [customer_service] [           main] c.e.c.CustomerServiceApplication         : No active profile set, falling back to 1 default profile: "default"
2024-12-24T16:10:17.085-05:00  INFO 23160 --- [customer_service] [           main] .s.d.r.c.RepositoryConfigurationDelegate : Bootstrapping Spring Data JPA repositories in DEFAULT mode.
2024-12-24T16:10:17.121-05:00  INFO 23160 --- [customer_service] [           main] .s.d.r.c.RepositoryConfigurationDelegate : Finished Spring Data repository scanning in 34 ms. Found 1 JPA repository interface.
2024-12-24T16:10:17.821-05:00  INFO 23160 --- [customer_service] [           main] o.s.b.w.embedded.tomcat.TomcatWebServer  : Tomcat initialized with port 8080 (http)
2024-12-24T16:10:17.925-05:00  INFO 23160 --- [customer_service] [           main] o.apache.catalina.core.StandardService   : Starting service [Tomcat]
2024-12-24T16:10:17.928-05:00  INFO 23160 --- [customer_service] [           main] o.apache.catalina.core.StandardEngine    : Starting Servlet engine: [Apache Tomcat/10.1.31]
2024-12-24T16:10:18.397-05:00  INFO 23160 --- [customer_service] [           main] o.a.c.c.C.[Tomcat].[localhost].[/]       : Initializing Spring embedded WebApplicationContext
2024-12-24T16:10:18.398-05:00  INFO 23160 --- [customer_service] [           main] w.s.c.ServletWebServerApplicationContext : Root WebApplicationContext: initialization completed in 1799 ms
2024-12-24T16:10:18.621-05:00 DEBUG 23160 --- [customer_service] [           main] c.e.c.security.JwtRequestFilter          : Filter 'jwtRequestFilter' configured for use
2024-12-24T16:10:18.733-05:00  INFO 23160 --- [customer_service] [           main] o.hibernate.jpa.internal.util.LogHelper  : HHH000204: Processing PersistenceUnitInfo [name: default]
2024-12-24T16:10:18.746-05:00  INFO 23160 --- [customer_service] [           main] o.h.c.internal.RegionFactoryInitiator    : HHH000026: Second-level cache disabled
2024-12-24T16:10:18.781-05:00  INFO 23160 --- [customer_service] [           main] o.s.o.j.p.SpringPersistenceUnitInfo      : No LoadTimeWeaver setup: ignoring JPA class transformer
2024-12-24T16:10:18.788-05:00  INFO 23160 --- [customer_service] [           main] com.zaxxer.hikari.HikariDataSource       : HikariPool-2 - Starting...
2024-12-24T16:10:18.884-05:00  INFO 23160 --- [customer_service] [           main] com.zaxxer.hikari.pool.HikariPool        : HikariPool-2 - Added connection org.postgresql.jdbc.PgConnection@8306a73
2024-12-24T16:10:18.885-05:00  INFO 23160 --- [customer_service] [           main] com.zaxxer.hikari.HikariDataSource       : HikariPool-2 - Start completed.
2024-12-24T16:10:18.896-05:00  WARN 23160 --- [customer_service] [           main] org.hibernate.orm.deprecation            : HHH90000025: PostgreSQLDialect does not need to be specified explicitly using 'hibernate.dialect' (remove the property setting and it will be selected by default)
2024-12-24T16:10:19.023-05:00  INFO 23160 --- [customer_service] [           main] o.h.e.t.j.p.i.JtaPlatformInitiator       : HHH000489: No JTA platform available (set 'hibernate.transaction.jta.platform' to enable JTA platform integration)
2024-12-24T16:10:19.065-05:00  INFO 23160 --- [customer_service] [           main] j.LocalContainerEntityManagerFactoryBean : Initialized JPA EntityManagerFactory for persistence unit 'default'
2024-12-24T16:10:19.191-05:00  WARN 23160 --- [customer_service] [           main] JpaBaseConfiguration$JpaWebConfiguration : spring.jpa.open-in-view is enabled by default. Therefore, database queries may be performed during view rendering. Explicitly configure spring.jpa.open-in-view to disable this warning
2024-12-24T16:10:19.213-05:00  INFO 23160 --- [customer_service] [           main] eAuthenticationProviderManagerConfigurer : Global AuthenticationManager configured with AuthenticationProvider bean with name authenticationProvider
2024-12-24T16:10:19.214-05:00  WARN 23160 --- [customer_service] [           main] r$InitializeUserDetailsManagerConfigurer : Global AuthenticationManager configured with an AuthenticationProvider bean. UserDetailsService beans will not be used for username/password login. Consider removing the AuthenticationProvider bean. Alternatively, consider using the UserDetailsService in a manually instantiated DaoAuthenticationProvider.
2024-12-24T16:10:19.251-05:00 DEBUG 23160 --- [customer_service] [           main] s.w.s.m.m.a.RequestMappingHandlerMapping : 10 mappings in 'requestMappingHandlerMapping'
2024-12-24T16:10:19.320-05:00 DEBUG 23160 --- [customer_service] [           main] o.s.w.s.handler.SimpleUrlHandlerMapping  : Patterns [/webjars/**, /**] in 'resourceHandlerMapping'
2024-12-24T16:10:19.335-05:00 DEBUG 23160 --- [customer_service] [           main] o.s.s.web.DefaultSecurityFilterChain     : Will secure any request with filters: DisableEncodeUrlFilter, WebAsyncManagerIntegrationFilter, SecurityContextHolderFilter, HeaderWriterFilter, LogoutFilter, JwtRequestFilter$$SpringCGLIB$$0, RequestCacheAwareFilter, SecurityContextHolderAwareRequestFilter, AnonymousAuthenticationFilter, ExceptionTranslationFilter, AuthorizationFilter
2024-12-24T16:10:19.370-05:00 DEBUG 23160 --- [customer_service] [           main] s.w.s.m.m.a.RequestMappingHandlerAdapter : ControllerAdvice beans: 0 @ModelAttribute, 0 @InitBinder, 1 RequestBodyAdvice, 1 ResponseBodyAdvice
2024-12-24T16:10:19.381-05:00 DEBUG 23160 --- [customer_service] [           main] .m.m.a.ExceptionHandlerExceptionResolver : ControllerAdvice beans: 1 @ExceptionHandler, 1 ResponseBodyAdvice
2024-12-24T16:10:19.554-05:00  INFO 23160 --- [customer_service] [           main] o.s.b.w.embedded.tomcat.TomcatWebServer  : Tomcat started on port 8080 (http) with context path '/'
2024-12-24T16:10:19.561-05:00  INFO 23160 --- [customer_service] [           main] c.e.c.CustomerServiceApplication         : Started CustomerServiceApplication in 3.05 seconds (process running for 37.852)
main method test
]]></system-out>
  </testcase>
  <testcase name="contextLoads" classname="com.example.customer_service.CustomerServiceApplicationTests" time="0.004">
    <system-out><![CDATA[context load test
]]></system-out>
  </testcase>
</testsuite>