<?xml version="1.0" encoding="UTF-8"?>
<testsuite xmlns:xsi="http://www.w3.org/2001/XMLSchema-instance" xsi:noNamespaceSchemaLocation="https://maven.apache.org/surefire/maven-surefire-plugin/xsd/surefire-test-report-3.0.xsd" version="3.0" name="com.example.customer_service.controller.CustomerServiceControllerTest" time="7.318" tests="44" errors="0" skipped="0" failures="0">
  <properties>
[...]
</properties>
  <testcase name="updateCustomer_shouldReturnOkWhenPhoneNumberIsValid" classname="com.example.customer_service.controller.CustomerServiceControllerTest" time="6.011">
    <system-out><![CDATA[20:47:20.803 [main] INFO org.springframework.mock.web.MockServletContext -- Initializing Spring TestDispatcherServlet ''
20:47:20.808 [main] INFO org.springframework.test.web.servlet.TestDispatcherServlet -- Initializing Servlet ''
20:47:20.822 [main] INFO org.springframework.test.web.servlet.TestDispatcherServlet -- Completed initialization in 10 ms
Test Passed: PUT with valid phoneNumber returned 200 OK.
]]></system-out>
    <system-err><![CDATA[WARNING: A Java agent has been loaded dynamically (C:\Users\psaik\.m2\repository\net\bytebuddy\byte-buddy-agent\1.14.19\byte-buddy-agent-1.14.19.jar)
WARNING: If a serviceability tool is in use, please run with -XX:+EnableDynamicAgentLoading to hide this warning
WARNING: If a serviceability tool is not in use, please run with -Djdk.instrument.traceUsage for more information
WARNING: Dynamic loading of agents will be disallowed by default in a future release
]]></system-err>
  </testcase>
  <testcase name="updateCustomer_shouldReturnUnauthorizedWhenNotAuthenticated" classname="com.example.customer_service.controller.CustomerServiceControllerTest" time="0.026">
    <system-out><![CDATA[20:47:21.558 [main] INFO org.springframework.mock.web.MockServletContext -- Initializing Spring TestDispatcherServlet ''
20:47:21.558 [main] INFO org.springframework.test.web.servlet.TestDispatcherServlet -- Initializing Servlet ''
20:47:21.558 [main] INFO org.springframework.test.web.servlet.TestDispatcherServlet -- Completed initialization in 0 ms
Test Passed: PUT unauthorized access returned 401.
]]></system-out>
  </testcase>
  <testcase name="updateCustomer_shouldReturnNotFoundWhenCustomerDoesNotExist" classname="com.example.customer_service.controller.CustomerServiceControllerTest" time="0.032">
    <system-out><![CDATA[20:47:21.596 [main] INFO org.springframework.mock.web.MockServletContext -- Initializing Spring TestDispatcherServlet ''
20:47:21.596 [main] INFO org.springframework.test.web.servlet.TestDispatcherServlet -- Initializing Servlet ''
20:47:21.597 [main] INFO org.springframework.test.web.servlet.TestDispatcherServlet -- Completed initialization in 1 ms
Test Passed: PUT non-existent customer returned 404 Not Found.
]]></system-out>
  </testcase>
  <testcase name="createCustomer_shouldReturnConflictWhenPhoneNumberExists" classname="com.example.customer_service.controller.CustomerServiceControllerTest" time="0.136">
    <system-out><![CDATA[20:47:21.624 [main] INFO org.springframework.mock.web.MockServletContext -- Initializing Spring TestDispatcherServlet ''
20:47:21.624 [main] INFO org.springframework.test.web.servlet.TestDispatcherServlet -- Initializing Servlet ''
20:47:21.625 [main] INFO org.springframework.test.web.servlet.TestDispatcherServlet -- Completed initialization in 1 ms
Test Passed: POST with duplicate phone number returned 409 Conflict.
]]></system-out>
  </testcase>
  <testcase name="updateCustomer_shouldReturnBadRequestWhenPhoneNumberIsNull" classname="com.example.customer_service.controller.CustomerServiceControllerTest" time="0.026">
    <system-out><![CDATA[20:47:21.759 [main] INFO org.springframework.mock.web.MockServletContext -- Initializing Spring TestDispatcherServlet ''
20:47:21.759 [main] INFO org.springframework.test.web.servlet.TestDispatcherServlet -- Initializing Servlet ''
20:47:21.760 [main] INFO org.springframework.test.web.servlet.TestDispatcherServlet -- Completed initialization in 1 ms
Test Passed: PUT with null phoneNumber returned 400 Bad Request.
]]></system-out>
  </testcase>
  <testcase name="createCustomer_shouldReturnForbidden" classname="com.example.customer_service.controller.CustomerServiceControllerTest" time="0.022">
    <system-out><![CDATA[20:47:21.785 [main] INFO org.springframework.mock.web.MockServletContext -- Initializing Spring TestDispatcherServlet ''
20:47:21.785 [main] INFO org.springframework.test.web.servlet.TestDispatcherServlet -- Initializing Servlet ''
20:47:21.786 [main] INFO org.springframework.test.web.servlet.TestDispatcherServlet -- Completed initialization in 0 ms
Test Passed: POST Forbidden scenario tested successfully.
]]></system-out>
  </testcase>
  <testcase name="createCustomer_shouldPassWhenIdIsValid" classname="com.example.customer_service.controller.CustomerServiceControllerTest" time="0.029">
    <system-out><![CDATA[20:47:21.806 [main] INFO org.springframework.mock.web.MockServletContext -- Initializing Spring TestDispatcherServlet ''
20:47:21.806 [main] INFO org.springframework.test.web.servlet.TestDispatcherServlet -- Initializing Servlet ''
20:47:21.806 [main] INFO org.springframework.test.web.servlet.TestDispatcherServlet -- Completed initialization in 0 ms
Test Passed: POST with valid ID created customer successfully.
]]></system-out>
  </testcase>
  <testcase name="patchCustomerStatus_shouldReturnInternalServerErrorWhenUpdateFails" classname="com.example.customer_service.controller.CustomerServiceControllerTest" time="0.028">
    <system-out><![CDATA[20:47:21.838 [main] INFO org.springframework.mock.web.MockServletContext -- Initializing Spring TestDispatcherServlet ''
20:47:21.838 [main] INFO org.springframework.test.web.servlet.TestDispatcherServlet -- Initializing Servlet ''
20:47:21.838 [main] INFO org.springframework.test.web.servlet.TestDispatcherServlet -- Completed initialization in 0 ms
Test Passed: PATCH failed to update customer status and returned 500.
]]></system-out>
  </testcase>
  <testcase name="patchCustomerStatus_shouldReturnBadRequestWhenStatusFieldIsMissing" classname="com.example.customer_service.controller.CustomerServiceControllerTest" time="0.02">
    <system-out><![CDATA[20:47:21.864 [main] INFO org.springframework.mock.web.MockServletContext -- Initializing Spring TestDispatcherServlet ''
20:47:21.864 [main] INFO org.springframework.test.web.servlet.TestDispatcherServlet -- Initializing Servlet ''
20:47:21.864 [main] INFO org.springframework.test.web.servlet.TestDispatcherServlet -- Completed initialization in 0 ms
Test Passed: PATCH missing 'status' field returned 400 Bad Request.
]]></system-out>
  </testcase>
  <testcase name="searchCustomers_shouldReturnBadRequestForInvalidPage" classname="com.example.customer_service.controller.CustomerServiceControllerTest" time="0.097">
    <system-out><![CDATA[20:47:21.891 [main] INFO org.springframework.mock.web.MockServletContext -- Initializing Spring TestDispatcherServlet ''
20:47:21.891 [main] INFO org.springframework.test.web.servlet.TestDispatcherServlet -- Initializing Servlet ''
20:47:21.892 [main] INFO org.springframework.test.web.servlet.TestDispatcherServlet -- Completed initialization in 0 ms
Test Passed: Search endpoint returned 400 Bad Request for invalid page.
]]></system-out>
  </testcase>
  <testcase name="searchCustomers_shouldReturnInternalServerErrorForException" classname="com.example.customer_service.controller.CustomerServiceControllerTest" time="0.026">
    <system-out><![CDATA[20:47:21.984 [main] INFO org.springframework.mock.web.MockServletContext -- Initializing Spring TestDispatcherServlet ''
20:47:21.984 [main] INFO org.springframework.test.web.servlet.TestDispatcherServlet -- Initializing Servlet ''
20:47:21.984 [main] INFO org.springframework.test.web.servlet.TestDispatcherServlet -- Completed initialization in 0 ms
Test Passed: Search endpoint returned 500 Internal Server Error for Exception.
]]></system-out>
  </testcase>
  <testcase name="searchCustomers_shouldReturnForbiddenWhenPermissionDenied" classname="com.example.customer_service.controller.CustomerServiceControllerTest" time="0.016">
    <system-out><![CDATA[20:47:22.008 [main] INFO org.springframework.mock.web.MockServletContext -- Initializing Spring TestDispatcherServlet ''
20:47:22.008 [main] INFO org.springframework.test.web.servlet.TestDispatcherServlet -- Initializing Servlet ''
20:47:22.008 [main] INFO org.springframework.test.web.servlet.TestDispatcherServlet -- Completed initialization in 0 ms
Test Passed: Search endpoint returned 403 Forbidden due to lack of permissions.
]]></system-out>
  </testcase>
  <testcase name="searchCustomers_shouldReturnResultsForValidCriteria" classname="com.example.customer_service.controller.CustomerServiceControllerTest" time="0.041">
    <system-out><![CDATA[20:47:22.024 [main] INFO org.springframework.mock.web.MockServletContext -- Initializing Spring TestDispatcherServlet ''
20:47:22.024 [main] INFO org.springframework.test.web.servlet.TestDispatcherServlet -- Initializing Servlet ''
20:47:22.024 [main] INFO org.springframework.test.web.servlet.TestDispatcherServlet -- Completed initialization in 0 ms
Test Passed: Valid search criteria returned results.
]]></system-out>
  </testcase>
  <testcase name="patchCustomerStatus_shouldReturnOkWhenStatusIsDisabled" classname="com.example.customer_service.controller.CustomerServiceControllerTest" time="0.022">
    <system-out><![CDATA[20:47:22.068 [main] INFO org.springframework.mock.web.MockServletContext -- Initializing Spring TestDispatcherServlet ''
20:47:22.069 [main] INFO org.springframework.test.web.servlet.TestDispatcherServlet -- Initializing Servlet ''
20:47:22.069 [main] INFO org.springframework.test.web.servlet.TestDispatcherServlet -- Completed initialization in 0 ms
Test Passed: PATCH with valid 'disabled' status returned 200 OK.
]]></system-out>
  </testcase>
  <testcase name="createCustomer_shouldSkipIdCheckWhenIdIsNull" classname="com.example.customer_service.controller.CustomerServiceControllerTest" time="0.03">
    <system-out><![CDATA[20:47:22.096 [main] INFO org.springframework.mock.web.MockServletContext -- Initializing Spring TestDispatcherServlet ''
20:47:22.096 [main] INFO org.springframework.test.web.servlet.TestDispatcherServlet -- Initializing Servlet ''
20:47:22.097 [main] INFO org.springframework.test.web.servlet.TestDispatcherServlet -- Completed initialization in 1 ms
Test Passed: POST with null ID created customer successfully.
]]></system-out>
  </testcase>
  <testcase name="createCustomer_shouldReturnConflictWhenEmailExists" classname="com.example.customer_service.controller.CustomerServiceControllerTest" time="0.034">
    <system-out><![CDATA[20:47:22.131 [main] INFO org.springframework.mock.web.MockServletContext -- Initializing Spring TestDispatcherServlet ''
20:47:22.132 [main] INFO org.springframework.test.web.servlet.TestDispatcherServlet -- Initializing Servlet ''
20:47:22.132 [main] INFO org.springframework.test.web.servlet.TestDispatcherServlet -- Completed initialization in 0 ms
Test Passed: POST with duplicate email returned 409 Conflict.
]]></system-out>
  </testcase>
  <testcase name="getCustomerById_shouldReturnCustomer" classname="com.example.customer_service.controller.CustomerServiceControllerTest" time="0.027">
    <system-out><![CDATA[20:47:22.158 [main] INFO org.springframework.mock.web.MockServletContext -- Initializing Spring TestDispatcherServlet ''
20:47:22.158 [main] INFO org.springframework.test.web.servlet.TestDispatcherServlet -- Initializing Servlet ''
20:47:22.159 [main] INFO org.springframework.test.web.servlet.TestDispatcherServlet -- Completed initialization in 0 ms
Test Passed: GET Customer by ID returned successfully.
]]></system-out>
  </testcase>
  <testcase name="updateCustomer_shouldReturnBadRequestWhenPhoneNumberIsEmpty" classname="com.example.customer_service.controller.CustomerServiceControllerTest" time="0.021">
    <system-out><![CDATA[20:47:22.189 [main] INFO org.springframework.mock.web.MockServletContext -- Initializing Spring TestDispatcherServlet ''
20:47:22.189 [main] INFO org.springframework.test.web.servlet.TestDispatcherServlet -- Initializing Servlet ''
20:47:22.189 [main] INFO org.springframework.test.web.servlet.TestDispatcherServlet -- Completed initialization in 0 ms
Test Passed: PUT with empty phoneNumber returned 400 Bad Request.
]]></system-out>
  </testcase>
  <testcase name="patchCustomerStatus_shouldReturnOkWhenStatusIsEnabled" classname="com.example.customer_service.controller.CustomerServiceControllerTest" time="0.016">
    <system-out><![CDATA[20:47:22.206 [main] INFO org.springframework.mock.web.MockServletContext -- Initializing Spring TestDispatcherServlet ''
20:47:22.206 [main] INFO org.springframework.test.web.servlet.TestDispatcherServlet -- Initializing Servlet ''
20:47:22.206 [main] INFO org.springframework.test.web.servlet.TestDispatcherServlet -- Completed initialization in 0 ms
Test Passed: PATCH with valid 'enabled' status returned 200 OK.
]]></system-out>
  </testcase>
  <testcase name="updateCustomer_shouldReturnBadRequestWhenPhoneNumberIsInvalid" classname="com.example.customer_service.controller.CustomerServiceControllerTest" time="0.015">
    <system-out><![CDATA[20:47:22.225 [main] INFO org.springframework.mock.web.MockServletContext -- Initializing Spring TestDispatcherServlet ''
20:47:22.225 [main] INFO org.springframework.test.web.servlet.TestDispatcherServlet -- Initializing Servlet ''
20:47:22.225 [main] INFO org.springframework.test.web.servlet.TestDispatcherServlet -- Completed initialization in 0 ms
Test Passed: PUT with invalid phoneNumber returned 400 Bad Request.
]]></system-out>
  </testcase>
  <testcase name="createCustomer_shouldReturnBadRequestWhenPhoneNumberIsInvalid" classname="com.example.customer_service.controller.CustomerServiceControllerTest" time="0.018">
    <system-out><![CDATA[20:47:22.241 [main] INFO org.springframework.mock.web.MockServletContext -- Initializing Spring TestDispatcherServlet ''
20:47:22.241 [main] INFO org.springframework.test.web.servlet.TestDispatcherServlet -- Initializing Servlet ''
20:47:22.241 [main] INFO org.springframework.test.web.servlet.TestDispatcherServlet -- Completed initialization in 0 ms
Test Passed: POST with invalid phone number format returned 400 Bad Request.
]]></system-out>
  </testcase>
  <testcase name="createCustomer_shouldReturnBadRequestWhenPhoneNumberIsEmpty" classname="com.example.customer_service.controller.CustomerServiceControllerTest" time="0.017">
    <system-out><![CDATA[20:47:22.260 [main] INFO org.springframework.mock.web.MockServletContext -- Initializing Spring TestDispatcherServlet ''
20:47:22.260 [main] INFO org.springframework.test.web.servlet.TestDispatcherServlet -- Initializing Servlet ''
20:47:22.260 [main] INFO org.springframework.test.web.servlet.TestDispatcherServlet -- Completed initialization in 0 ms
Test Passed: POST with empty phone number returned 400 Bad Request.
]]></system-out>
  </testcase>
  <testcase name="createCustomer_shouldReturnBadRequestWhenPhoneNumberIsNull" classname="com.example.customer_service.controller.CustomerServiceControllerTest" time="0.025">
    <system-out><![CDATA[20:47:22.282 [main] INFO org.springframework.mock.web.MockServletContext -- Initializing Spring TestDispatcherServlet ''
20:47:22.283 [main] INFO org.springframework.test.web.servlet.TestDispatcherServlet -- Initializing Servlet ''
20:47:22.283 [main] INFO org.springframework.test.web.servlet.TestDispatcherServlet -- Completed initialization in 0 ms
Test Passed: POST with null phone number returned 400 Bad Request.
]]></system-out>
  </testcase>
  <testcase name="patchCustomerStatus_shouldReturnUnauthorizedWhenNotAuthenticated" classname="com.example.customer_service.controller.CustomerServiceControllerTest" time="0.021">
    <system-out><![CDATA[20:47:22.310 [main] INFO org.springframework.mock.web.MockServletContext -- Initializing Spring TestDispatcherServlet ''
20:47:22.310 [main] INFO org.springframework.test.web.servlet.TestDispatcherServlet -- Initializing Servlet ''
20:47:22.311 [main] INFO org.springframework.test.web.servlet.TestDispatcherServlet -- Completed initialization in 1 ms
Test Passed: Unauthorized access tested successfully.
]]></system-out>
  </testcase>
  <testcase name="updateCustomer_shouldReturnForbiddenWhenNoPermission" classname="com.example.customer_service.controller.CustomerServiceControllerTest" time="0.023">
    <system-out><![CDATA[20:47:22.331 [main] INFO org.springframework.mock.web.MockServletContext -- Initializing Spring TestDispatcherServlet ''
20:47:22.331 [main] INFO org.springframework.test.web.servlet.TestDispatcherServlet -- Initializing Servlet ''
20:47:22.331 [main] INFO org.springframework.test.web.servlet.TestDispatcherServlet -- Completed initialization in 0 ms
Test Passed: PUT forbidden access returned 403.
]]></system-out>
  </testcase>
  <testcase name="createCustomer_shouldReturnBadRequestWhenEmailIsEmpty" classname="com.example.customer_service.controller.CustomerServiceControllerTest" time="0.027">
    <system-out><![CDATA[20:47:22.355 [main] INFO org.springframework.mock.web.MockServletContext -- Initializing Spring TestDispatcherServlet ''
20:47:22.356 [main] INFO org.springframework.test.web.servlet.TestDispatcherServlet -- Initializing Servlet ''
20:47:22.356 [main] INFO org.springframework.test.web.servlet.TestDispatcherServlet -- Completed initialization in 0 ms
Test Passed: POST with empty email returned 400 Bad Request.
]]></system-out>
  </testcase>
  <testcase name="updateCustomer_shouldSkipEmailValidationWhenEmailKeyIsMissing" classname="com.example.customer_service.controller.CustomerServiceControllerTest" time="0.02">
    <system-out><![CDATA[20:47:22.379 [main] INFO org.springframework.mock.web.MockServletContext -- Initializing Spring TestDispatcherServlet ''
20:47:22.379 [main] INFO org.springframework.test.web.servlet.TestDispatcherServlet -- Initializing Servlet ''
20:47:22.379 [main] INFO org.springframework.test.web.servlet.TestDispatcherServlet -- Completed initialization in 0 ms
Test Passed: PUT without 'email' key skipped email validation.
]]></system-out>
  </testcase>
  <testcase name="patchCustomerStatus_shouldReturnNotFoundWhenCustomerDoesNotExist" classname="com.example.customer_service.controller.CustomerServiceControllerTest" time="0.017">
    <system-out><![CDATA[20:47:22.401 [main] INFO org.springframework.mock.web.MockServletContext -- Initializing Spring TestDispatcherServlet ''
20:47:22.401 [main] INFO org.springframework.test.web.servlet.TestDispatcherServlet -- Initializing Servlet ''
20:47:22.402 [main] INFO org.springframework.test.web.servlet.TestDispatcherServlet -- Completed initialization in 1 ms
Test Passed: PATCH with non-existent customer returned 404 Not Found.
]]></system-out>
  </testcase>
  <testcase name="patchCustomerStatus_shouldReturnBadRequestForInvalidStatus" classname="com.example.customer_service.controller.CustomerServiceControllerTest" time="0.015">
    <system-out><![CDATA[20:47:22.415 [main] INFO org.springframework.mock.web.MockServletContext -- Initializing Spring TestDispatcherServlet ''
20:47:22.415 [main] INFO org.springframework.test.web.servlet.TestDispatcherServlet -- Initializing Servlet ''
20:47:22.416 [main] INFO org.springframework.test.web.servlet.TestDispatcherServlet -- Completed initialization in 1 ms
Test Passed: PATCH with invalid status returned 400 Bad Request.
]]></system-out>
  </testcase>
  <testcase name="getAllCustomers_shouldReturnCustomerList" classname="com.example.customer_service.controller.CustomerServiceControllerTest" time="0.02">
    <system-out><![CDATA[20:47:22.435 [main] INFO org.springframework.mock.web.MockServletContext -- Initializing Spring TestDispatcherServlet ''
20:47:22.435 [main] INFO org.springframework.test.web.servlet.TestDispatcherServlet -- Initializing Servlet ''
20:47:22.435 [main] INFO org.springframework.test.web.servlet.TestDispatcherServlet -- Completed initialization in 0 ms
]]></system-out>
  </testcase>
  <testcase name="createCustomer_shouldReturnUnauthorized" classname="com.example.customer_service.controller.CustomerServiceControllerTest" time="0.024">
    <system-out><![CDATA[20:47:22.458 [main] INFO org.springframework.mock.web.MockServletContext -- Initializing Spring TestDispatcherServlet ''
20:47:22.458 [main] INFO org.springframework.test.web.servlet.TestDispatcherServlet -- Initializing Servlet ''
20:47:22.458 [main] INFO org.springframework.test.web.servlet.TestDispatcherServlet -- Completed initialization in 0 ms
Test Passed: POST Unauthorized scenario tested successfully.
]]></system-out>
  </testcase>
  <testcase name="searchCustomers_shouldReturnBadRequestForInvalidLimit" classname="com.example.customer_service.controller.CustomerServiceControllerTest" time="0.017">
    <system-out><![CDATA[20:47:22.480 [main] INFO org.springframework.mock.web.MockServletContext -- Initializing Spring TestDispatcherServlet ''
20:47:22.480 [main] INFO org.springframework.test.web.servlet.TestDispatcherServlet -- Initializing Servlet ''
20:47:22.480 [main] INFO org.springframework.test.web.servlet.TestDispatcherServlet -- Completed initialization in 0 ms
Test Passed: Search endpoint returned 400 Bad Request for limit = -1.
Test Passed: Search endpoint returned 400 Bad Request for limit = 0.
]]></system-out>
  </testcase>
  <testcase name="updateCustomer_shouldReturnBadRequestWhenEmailIsNull" classname="com.example.customer_service.controller.CustomerServiceControllerTest" time="0.019">
    <system-out><![CDATA[20:47:22.501 [main] INFO org.springframework.mock.web.MockServletContext -- Initializing Spring TestDispatcherServlet ''
20:47:22.501 [main] INFO org.springframework.test.web.servlet.TestDispatcherServlet -- Initializing Servlet ''
20:47:22.502 [main] INFO org.springframework.test.web.servlet.TestDispatcherServlet -- Completed initialization in 1 ms
Test Passed: PUT with null 'email' returned 400 Bad Request.
]]></system-out>
  </testcase>
  <testcase name="searchCustomers_shouldReturnUnauthorizedWhenNotAuthenticated" classname="com.example.customer_service.controller.CustomerServiceControllerTest" time="0.017">
    <system-out><![CDATA[20:47:22.519 [main] INFO org.springframework.mock.web.MockServletContext -- Initializing Spring TestDispatcherServlet ''
20:47:22.519 [main] INFO org.springframework.test.web.servlet.TestDispatcherServlet -- Initializing Servlet ''
20:47:22.521 [main] INFO org.springframework.test.web.servlet.TestDispatcherServlet -- Completed initialization in 0 ms
Test Passed: Search endpoint returned 401 Unauthorized.
]]></system-out>
  </testcase>
  <testcase name="updateCustomer_shouldPassWhenEmailIsValid" classname="com.example.customer_service.controller.CustomerServiceControllerTest" time="0.017">
    <system-out><![CDATA[20:47:22.533 [main] INFO org.springframework.mock.web.MockServletContext -- Initializing Spring TestDispatcherServlet ''
20:47:22.533 [main] INFO org.springframework.test.web.servlet.TestDispatcherServlet -- Initializing Servlet ''
20:47:22.533 [main] INFO org.springframework.test.web.servlet.TestDispatcherServlet -- Completed initialization in 0 ms
Test Passed: PUT with valid 'email' passed successfully.
]]></system-out>
  </testcase>
  <testcase name="patchCustomerStatus_shouldReturnForbiddenWhenNoPermission" classname="com.example.customer_service.controller.CustomerServiceControllerTest" time="0.019">
    <system-out><![CDATA[20:47:22.557 [main] INFO org.springframework.mock.web.MockServletContext -- Initializing Spring TestDispatcherServlet ''
20:47:22.557 [main] INFO org.springframework.test.web.servlet.TestDispatcherServlet -- Initializing Servlet ''
20:47:22.557 [main] INFO org.springframework.test.web.servlet.TestDispatcherServlet -- Completed initialization in 0 ms
Test Passed: Forbidden access tested successfully.
]]></system-out>
  </testcase>
  <testcase name="createCustomer_shouldReturnNotFoundWhenIdIsInvalid" classname="com.example.customer_service.controller.CustomerServiceControllerTest" time="0.025">
    <system-out><![CDATA[20:47:22.581 [main] INFO org.springframework.mock.web.MockServletContext -- Initializing Spring TestDispatcherServlet ''
20:47:22.581 [main] INFO org.springframework.test.web.servlet.TestDispatcherServlet -- Initializing Servlet ''
20:47:22.582 [main] INFO org.springframework.test.web.servlet.TestDispatcherServlet -- Completed initialization in 1 ms
Test Passed: POST with invalid ID returned 404 Not Found.
]]></system-out>
  </testcase>
  <testcase name="searchCustomers_shouldReturnBadRequestForIllegalArgumentException" classname="com.example.customer_service.controller.CustomerServiceControllerTest" time="0.015">
    <system-out><![CDATA[20:47:22.599 [main] INFO org.springframework.mock.web.MockServletContext -- Initializing Spring TestDispatcherServlet ''
20:47:22.599 [main] INFO org.springframework.test.web.servlet.TestDispatcherServlet -- Initializing Servlet ''
20:47:22.599 [main] INFO org.springframework.test.web.servlet.TestDispatcherServlet -- Completed initialization in 0 ms
Test Passed: Search endpoint returned 400 Bad Request for IllegalArgumentException.
]]></system-out>
  </testcase>
  <testcase name="patchCustomerStatus_shouldReturnOkWhenUpdateIsSuccessful" classname="com.example.customer_service.controller.CustomerServiceControllerTest" time="0.014">
    <system-out><![CDATA[20:47:22.610 [main] INFO org.springframework.mock.web.MockServletContext -- Initializing Spring TestDispatcherServlet ''
20:47:22.611 [main] INFO org.springframework.test.web.servlet.TestDispatcherServlet -- Initializing Servlet ''
20:47:22.612 [main] INFO org.springframework.test.web.servlet.TestDispatcherServlet -- Completed initialization in 1 ms
Test Passed: PATCH successfully updated customer status.
]]></system-out>
  </testcase>
  <testcase name="updateCustomer_shouldReturnBadRequestWhenEmailIsEmpty" classname="com.example.customer_service.controller.CustomerServiceControllerTest" time="0.015">
    <system-out><![CDATA[20:47:22.624 [main] INFO org.springframework.mock.web.MockServletContext -- Initializing Spring TestDispatcherServlet ''
20:47:22.624 [main] INFO org.springframework.test.web.servlet.TestDispatcherServlet -- Initializing Servlet ''
20:47:22.624 [main] INFO org.springframework.test.web.servlet.TestDispatcherServlet -- Completed initialization in 0 ms
Test Passed: PUT with empty 'email' returned 400 Bad Request.
]]></system-out>
  </testcase>
  <testcase name="updateCustomer_shouldReturnBadRequestWhenEmailLacksAtSymbol" classname="com.example.customer_service.controller.CustomerServiceControllerTest" time="0.016">
    <system-out><![CDATA[20:47:22.640 [main] INFO org.springframework.mock.web.MockServletContext -- Initializing Spring TestDispatcherServlet ''
20:47:22.640 [main] INFO org.springframework.test.web.servlet.TestDispatcherServlet -- Initializing Servlet ''
20:47:22.640 [main] INFO org.springframework.test.web.servlet.TestDispatcherServlet -- Completed initialization in 0 ms
Test Passed: PUT with invalid 'email' returned 400 Bad Request.
]]></system-out>
  </testcase>
  <testcase name="createCustomer_shouldReturnCreateStatus" classname="com.example.customer_service.controller.CustomerServiceControllerTest" time="0.02">
    <system-out><![CDATA[20:47:22.663 [main] INFO org.springframework.mock.web.MockServletContext -- Initializing Spring TestDispatcherServlet ''
20:47:22.663 [main] INFO org.springframework.test.web.servlet.TestDispatcherServlet -- Initializing Servlet ''
20:47:22.664 [main] INFO org.springframework.test.web.servlet.TestDispatcherServlet -- Completed initialization in 1 ms
Test Passed: POST Create test passed successfully.
]]></system-out>
  </testcase>
  <testcase name="createCustomer_shouldReturnBadRequestWhenEmailIsNull" classname="com.example.customer_service.controller.CustomerServiceControllerTest" time="0.014">
    <system-out><![CDATA[20:47:22.680 [main] INFO org.springframework.mock.web.MockServletContext -- Initializing Spring TestDispatcherServlet ''
20:47:22.680 [main] INFO org.springframework.test.web.servlet.TestDispatcherServlet -- Initializing Servlet ''
20:47:22.681 [main] INFO org.springframework.test.web.servlet.TestDispatcherServlet -- Completed initialization in 1 ms
Test Passed: POST with null email returned 400 Bad Request.
]]></system-out>
  </testcase>
  <testcase name="createCustomer_shouldReturnBadRequestWhenEmailLacksAtSymbol" classname="com.example.customer_service.controller.CustomerServiceControllerTest" time="0.028">
    <system-out><![CDATA[20:47:22.705 [main] INFO org.springframework.mock.web.MockServletContext -- Initializing Spring TestDispatcherServlet ''
20:47:22.705 [main] INFO org.springframework.test.web.servlet.TestDispatcherServlet -- Initializing Servlet ''
20:47:22.705 [main] INFO org.springframework.test.web.servlet.TestDispatcherServlet -- Completed initialization in 0 ms
Test Passed: POST with email lacking '@' returned 400 Bad Request.
]]></system-out>
  </testcase>
</testsuite>